[INFO] Scanning for projects...
[INFO] 
[INFO] ---------------------< in.winvestco:user-service >----------------------
[INFO] Building WINVESTCO User Service 1.0.0
[INFO]   from pom.xml
[INFO] --------------------------------[ jar ]---------------------------------
[INFO] 
[INFO] --- resources:3.3.1:resources (default-resources) @ user-service ---
[INFO] Copying 8 resources from src\main\resources to target\classes
[INFO] 
[INFO] --- compiler:3.11.0:compile (default-compile) @ user-service ---
[INFO] Nothing to compile - all classes are up to date
[INFO] 
[INFO] --- resources:3.3.1:testResources (default-testResources) @ user-service ---
[INFO] Copying 1 resource from src\test\resources to target\test-classes
[INFO] 
[INFO] --- compiler:3.11.0:testCompile (default-testCompile) @ user-service ---
[INFO] Nothing to compile - all classes are up to date
[INFO] 
[INFO] --- surefire:3.1.2:test (default-test) @ user-service ---
[INFO] Using auto detected provider org.apache.maven.surefire.junitplatform.JUnitPlatformProvider
[INFO] 
[INFO] -------------------------------------------------------
[INFO]  T E S T S
[INFO] -------------------------------------------------------
[INFO] Running in.winvestco.user_service.controller.AuthControllerTest
[INFO] Running in.winvestco.user_service.controller.AuthControllerTest$GetCurrentUserTests
mvn : WARNING: A Java 
agent has been loaded 
dynamically 
(C:\Users\Sharad Gupta\.m
2\repository\net\bytebudd
y\byte-buddy-agent\1.14.1
0\byte-buddy-agent-1.14.1
0.jar)
At line:1 char:1
+ mvn test -f pom.xml 
-Dtest="*Test" 
-DfailIfNoTests=false 
2>&1 | Out-F ...
+ ~~~~~~~~~~~~~~~~~~~~~~~
~~~~~~~~~~~~~~~~~~~~~~~~~
~~~~~~~~~~~~~
    + CategoryInfo       
       : NotSpecified:   
  (WARNING: A Java...n   
 t-1.14.10.jar):Strin    
g) [], RemoteExcepti    
on
    + FullyQualifiedErro 
   rId : NativeCommandE  
  rror
 
WARNING: If a 
serviceability tool is 
in use, please run with -
XX:+EnableDynamicAgentLoa
ding to hide this warning
WARNING: If a 
serviceability tool is 
not in use, please run 
with -Djdk.instrument.tra
ceUsage for more 
information
WARNING: Dynamic loading 
of agents will be 
disallowed by default in 
a future release
Java HotSpot(TM) 64-Bit 
Server VM warning: 
Sharing is only 
supported for boot 
loader classes because 
bootstrap classpath has 
been appended
[INFO] Tests run: 4, Failures: 0, Errors: 0, Skipped: 0, Time elapsed: 1.356 s -- in in.winvestco.user_service.controller.AuthControllerTest$GetCurrentUserTests
[INFO] Running in.winvestco.user_service.controller.AuthControllerTest$LoginTests
[ERROR] Tests run: 2, Failures: 0, Errors: 1, Skipped: 0, Time elapsed: 0.050 s <<< FAILURE! -- in in.winvestco.user_service.controller.AuthControllerTest$LoginTests
[ERROR] in.winvestco.user_service.controller.AuthControllerTest$LoginTests.login_WithValidCredentials_ShouldReturnToken -- Time elapsed: 0.017 s <<< ERROR!
java.lang.Error: 
Unresolved compilation problem: 
	The method thenReturn(Collection<capture#1-of ? extends GrantedAuthority>) in the type OngoingStubbing<Collection<capture#1-of ? extends GrantedAuthority>> is not applicable for the arguments (List<SimpleGrantedAuthority>)

	at in.winvestco.user_service.controller.AuthControllerTest$LoginTests.login_WithValidCredentials_ShouldReturnToken(AuthControllerTest.java:93)
	at java.base/java.lang.reflect.Method.invoke(Method.java:580)
	at java.base/java.util.ArrayList.forEach(ArrayList.java:1596)
	at java.base/java.util.ArrayList.forEach(ArrayList.java:1596)
	at java.base/java.util.ArrayList.forEach(ArrayList.java:1596)

[INFO] Tests run: 0, Failures: 0, Errors: 0, Skipped: 0, Time elapsed: 1.441 s -- in in.winvestco.user_service.controller.AuthControllerTest
[INFO] Running in.winvestco.user_service.controller.UserControllerTest
[INFO] Running in.winvestco.user_service.controller.UserControllerTest$DeleteTests
[INFO] Tests run: 1, Failures: 0, Errors: 0, Skipped: 0, Time elapsed: 0.033 s -- in in.winvestco.user_service.controller.UserControllerTest$DeleteTests
[INFO] Running in.winvestco.user_service.controller.UserControllerTest$FindAllTests
[INFO] Tests run: 8, Failures: 0, Errors: 0, Skipped: 0, Time elapsed: 0.033 s -- in in.winvestco.user_service.controller.UserControllerTest$FindAllTests
[INFO] Running in.winvestco.user_service.controller.UserControllerTest$FindByIdTests
[INFO] Tests run: 1, Failures: 0, Errors: 0, Skipped: 0, Time elapsed: 0.006 s -- in in.winvestco.user_service.controller.UserControllerTest$FindByIdTests
[INFO] Running in.winvestco.user_service.controller.UserControllerTest$RegisterTests
[INFO] Tests run: 1, Failures: 0, Errors: 0, Skipped: 0, Time elapsed: 0.004 s -- in in.winvestco.user_service.controller.UserControllerTest$RegisterTests
[INFO] Running in.winvestco.user_service.controller.UserControllerTest$UpdateRolesTests
[INFO] Tests run: 1, Failures: 0, Errors: 0, Skipped: 0, Time elapsed: 0.005 s -- in in.winvestco.user_service.controller.UserControllerTest$UpdateRolesTests
[INFO] Running in.winvestco.user_service.controller.UserControllerTest$UpdateStatusTests
[INFO] Tests run: 1, Failures: 0, Errors: 0, Skipped: 0, Time elapsed: 0.004 s -- in in.winvestco.user_service.controller.UserControllerTest$UpdateStatusTests
[INFO] Running in.winvestco.user_service.controller.UserControllerTest$UpdateTests
[INFO] Tests run: 2, Failures: 0, Errors: 0, Skipped: 0, Time elapsed: 0.008 s -- in in.winvestco.user_service.controller.UserControllerTest$UpdateTests
[INFO] Tests run: 0, Failures: 0, Errors: 0, Skipped: 0, Time elapsed: 0.112 s -- in in.winvestco.user_service.controller.UserControllerTest
[INFO] Running in.winvestco.user_service.dto.LoginRequestTest
12:35:04.206 [main] INFO org.hibernate.validator.internal.util.Version -- HV000001: Hibernate Validator 8.0.1.Final
[INFO] Running in.winvestco.user_service.dto.LoginRequestTest$ToStringTests
[INFO] Tests run: 1, Failures: 0, Errors: 0, Skipped: 0, Time elapsed: 0.012 s -- in in.winvestco.user_service.dto.LoginRequestTest$ToStringTests
[INFO] Running in.winvestco.user_service.dto.LoginRequestTest$EqualityTests
[INFO] Tests run: 4, Failures: 0, Errors: 0, Skipped: 0, Time elapsed: 0.015 s -- in in.winvestco.user_service.dto.LoginRequestTest$EqualityTests
[INFO] Running in.winvestco.user_service.dto.LoginRequestTest$RecordAccessorTests
[INFO] Tests run: 2, Failures: 0, Errors: 0, Skipped: 0, Time elapsed: 0.003 s -- in in.winvestco.user_service.dto.LoginRequestTest$RecordAccessorTests
[INFO] Running in.winvestco.user_service.dto.LoginRequestTest$PasswordValidationTests
[INFO] Tests run: 4, Failures: 0, Errors: 0, Skipped: 0, Time elapsed: 0.121 s -- in in.winvestco.user_service.dto.LoginRequestTest$PasswordValidationTests
[INFO] Running in.winvestco.user_service.dto.LoginRequestTest$EmailValidationTests
[INFO] Tests run: 6, Failures: 0, Errors: 0, Skipped: 0, Time elapsed: 0.010 s -- in in.winvestco.user_service.dto.LoginRequestTest$EmailValidationTests
[INFO] Running in.winvestco.user_service.dto.LoginRequestTest$ValidRequestTests
[INFO] Tests run: 2, Failures: 0, Errors: 0, Skipped: 0, Time elapsed: 0.005 s -- in in.winvestco.user_service.dto.LoginRequestTest$ValidRequestTests
[INFO] Tests run: 0, Failures: 0, Errors: 0, Skipped: 0, Time elapsed: 0.437 s -- in in.winvestco.user_service.dto.LoginRequestTest
[INFO] Running in.winvestco.user_service.dto.RegisterRequestTest
[INFO] Tests run: 4, Failures: 0, Errors: 0, Skipped: 0, Time elapsed: 0.042 s -- in in.winvestco.user_service.dto.RegisterRequestTest
[INFO] Running in.winvestco.user_service.dto.UserResponseTest
[INFO] Running in.winvestco.user_service.dto.UserResponseTest$ToStringTests
[INFO] Tests run: 1, Failures: 0, Errors: 0, Skipped: 0, Time elapsed: 0.007 s -- in in.winvestco.user_service.dto.UserResponseTest$ToStringTests
[INFO] Running in.winvestco.user_service.dto.UserResponseTest$SerializationTests
[INFO] Tests run: 1, Failures: 0, Errors: 0, Skipped: 0, Time elapsed: 0.001 s -- in in.winvestco.user_service.dto.UserResponseTest$SerializationTests
[INFO] Running in.winvestco.user_service.dto.UserResponseTest$EqualityTests
[INFO] Tests run: 2, Failures: 0, Errors: 0, Skipped: 0, Time elapsed: 0.002 s -- in in.winvestco.user_service.dto.UserResponseTest$EqualityTests
[INFO] Running in.winvestco.user_service.dto.UserResponseTest$SetterTests
[INFO] Tests run: 1, Failures: 0, Errors: 0, Skipped: 0, Time elapsed: 0.003 s -- in in.winvestco.user_service.dto.UserResponseTest$SetterTests
[INFO] Running in.winvestco.user_service.dto.UserResponseTest$ConstructorTests
[INFO] Tests run: 2, Failures: 0, Errors: 0, Skipped: 0, Time elapsed: 0.002 s -- in in.winvestco.user_service.dto.UserResponseTest$ConstructorTests
[INFO] Running in.winvestco.user_service.dto.UserResponseTest$FromUserTests
[INFO] Tests run: 4, Failures: 0, Errors: 0, Skipped: 0, Time elapsed: 0.005 s -- in in.winvestco.user_service.dto.UserResponseTest$FromUserTests
[INFO] Tests run: 0, Failures: 0, Errors: 0, Skipped: 0, Time elapsed: 0.027 s -- in in.winvestco.user_service.dto.UserResponseTest
[INFO] Running in.winvestco.user_service.exception.UserExceptionHandlerTest
[INFO] Tests run: 4, Failures: 0, Errors: 0, Skipped: 0, Time elapsed: 0.017 s -- in in.winvestco.user_service.exception.UserExceptionHandlerTest
[INFO] Running in.winvestco.user_service.exception.UserNotFoundExceptionTest
[INFO] Running in.winvestco.user_service.exception.UserNotFoundExceptionTest$ExceptionHierarchyTests
[INFO] Tests run: 2, Failures: 0, Errors: 0, Skipped: 0, Time elapsed: 0.003 s -- in in.winvestco.user_service.exception.UserNotFoundExceptionTest$ExceptionHierarchyTests
[INFO] Running in.winvestco.user_service.exception.UserNotFoundExceptionTest$ConstructorWithStringLoginTests
[INFO] Tests run: 4, Failures: 0, Errors: 0, Skipped: 0, Time elapsed: 0.003 s -- in in.winvestco.user_service.exception.UserNotFoundExceptionTest$ConstructorWithStringLoginTests
[INFO] Running in.winvestco.user_service.exception.UserNotFoundExceptionTest$ConstructorWithLongIdTests
[INFO] Tests run: 3, Failures: 0, Errors: 0, Skipped: 0, Time elapsed: 0.004 s -- in in.winvestco.user_service.exception.UserNotFoundExceptionTest$ConstructorWithLongIdTests
[INFO] Tests run: 0, Failures: 0, Errors: 0, Skipped: 0, Time elapsed: 0.014 s -- in in.winvestco.user_service.exception.UserNotFoundExceptionTest
[INFO] Running in.winvestco.user_service.model.UserTest
[INFO] Running in.winvestco.user_service.model.UserTest$SerializationTests
[INFO] Tests run: 1, Failures: 0, Errors: 0, Skipped: 0, Time elapsed: 0.001 s -- in in.winvestco.user_service.model.UserTest$SerializationTests
[INFO] Running in.winvestco.user_service.model.UserTest$AllArgsConstructorTests
[INFO] Tests run: 1, Failures: 0, Errors: 0, Skipped: 0, Time elapsed: 0.001 s -- in in.winvestco.user_service.model.UserTest$AllArgsConstructorTests
[INFO] Running in.winvestco.user_service.model.UserTest$NoArgsConstructorTests
[INFO] Tests run: 1, Failures: 0, Errors: 0, Skipped: 0, Time elapsed: 0.002 s -- in in.winvestco.user_service.model.UserTest$NoArgsConstructorTests
[INFO] Running in.winvestco.user_service.model.UserTest$ToStringTests
[INFO] Tests run: 2, Failures: 0, Errors: 0, Skipped: 0, Time elapsed: 0.005 s -- in in.winvestco.user_service.model.UserTest$ToStringTests
[INFO] Running in.winvestco.user_service.model.UserTest$EqualityTests
[INFO] Tests run: 3, Failures: 0, Errors: 0, Skipped: 0, Time elapsed: 0.007 s -- in in.winvestco.user_service.model.UserTest$EqualityTests
[INFO] Running in.winvestco.user_service.model.UserTest$PrePersistTests
[INFO] Tests run: 2, Failures: 0, Errors: 0, Skipped: 0, Time elapsed: 0.003 s -- in in.winvestco.user_service.model.UserTest$PrePersistTests
[INFO] Running in.winvestco.user_service.model.UserTest$GetterSetterTests
[INFO] Tests run: 9, Failures: 0, Errors: 0, Skipped: 0, Time elapsed: 0.006 s -- in in.winvestco.user_service.model.UserTest$GetterSetterTests
[INFO] Running in.winvestco.user_service.model.UserTest$BuilderTests
[INFO] Tests run: 3, Failures: 0, Errors: 0, Skipped: 0, Time elapsed: 0.003 s -- in in.winvestco.user_service.model.UserTest$BuilderTests
[INFO] Tests run: 0, Failures: 0, Errors: 0, Skipped: 0, Time elapsed: 0.035 s -- in in.winvestco.user_service.model.UserTest
[INFO] Running in.winvestco.user_service.repository.UserRepositoryTest
12:35:04.786 [main] INFO org.springframework.test.context.support.AnnotationConfigContextLoaderUtils -- Could not detect default configuration classes for test class [in.winvestco.user_service.repository.UserRepositoryTest]: UserRepositoryTest does not declare any static, non-private, non-final, nested classes annotated with @Configuration.
12:35:04.912 [main] INFO org.springframework.boot.test.context.SpringBootTestContextBootstrapper -- Found @SpringBootConfiguration in.winvestco.user_service.UserServiceApplication for test class in.winvestco.user_service.repository.UserRepositoryTest
12:35:04.974 [main] INFO org.springframework.boot.devtools.restart.RestartApplicationListener -- Restart disabled due to context in which it is running
12:35:05,253 |-INFO in ch.qos.logback.core.joran.spi.ConfigurationWatchList@75add13c - URL [jar:file:/C:/Users/Sharad%20Gupta/.m2/repository/in/winvestco/common/1.0.0/common-1.0.0.jar!/logback-spring.xml] is not of type file
12:35:05,309 |-INFO in ch.qos.logback.core.joran.util.ConfigurationWatchListUtil@224d537d - Adding [jar:file:/C:/Users/Sharad%20Gupta/.m2/repository/org/springframework/boot/spring-boot/3.2.0/spring-boot-3.2.0.jar!/org/springframework/boot/logging/logback/defaults.xml] to configuration watch list.
12:35:05,309 |-INFO in ch.qos.logback.core.joran.spi.ConfigurationWatchList@75add13c - URL [jar:file:/C:/Users/Sharad%20Gupta/.m2/repository/org/springframework/boot/spring-boot/3.2.0/spring-boot-3.2.0.jar!/org/springframework/boot/logging/logback/defaults.xml] is not of type file
12:35:05,311 |-INFO in ch.qos.logback.core.joran.action.ConversionRuleAction - registering conversion word clr with class [org.springframework.boot.logging.logback.ColorConverter]
12:35:05,311 |-INFO in ch.qos.logback.core.joran.action.ConversionRuleAction - registering conversion word correlationId with class [org.springframework.boot.logging.logback.CorrelationIdConverter]
12:35:05,311 |-INFO in ch.qos.logback.core.joran.action.ConversionRuleAction - registering conversion word wex with class [org.springframework.boot.logging.logback.WhitespaceThrowableProxyConverter]
12:35:05,311 |-INFO in ch.qos.logback.core.joran.action.ConversionRuleAction - registering conversion word wEx with class [org.springframework.boot.logging.logback.ExtendedWhitespaceThrowableProxyConverter]
12:35:05,321 |-WARN in org.springframework.boot.logging.logback.SpringProfileIfNestedWithinSecondPhaseElementSanityChecker@450d10cb - <springProfile> elements cannot be nested within an <appender>, <logger> or <root> element
12:35:05,321 |-WARN in org.springframework.boot.logging.logback.SpringProfileIfNestedWithinSecondPhaseElementSanityChecker@450d10cb - Element <appender> at line 12 contains a nested <springProfile> element at line 14
12:35:05,321 |-WARN in org.springframework.boot.logging.logback.SpringProfileIfNestedWithinSecondPhaseElementSanityChecker@450d10cb - Element <appender> at line 12 contains a nested <springProfile> element at line 22
12:35:05,343 |-INFO in ch.qos.logback.classic.model.processor.LoggerModelHandler - Setting level of logger [org.apache.catalina.startup.DigesterFactory] to ERROR
12:35:05,343 |-INFO in ch.qos.logback.classic.jul.LevelChangePropagator@1bd59b82 - Propagating ERROR level on Logger[org.apache.catalina.startup.DigesterFactory] onto the JUL framework
12:35:05,344 |-INFO in ch.qos.logback.classic.model.processor.LoggerModelHandler - Setting level of logger [org.apache.catalina.util.LifecycleBase] to ERROR
12:35:05,344 |-INFO in ch.qos.logback.classic.jul.LevelChangePropagator@1bd59b82 - Propagating ERROR level on Logger[org.apache.catalina.util.LifecycleBase] onto the JUL framework
12:35:05,344 |-INFO in ch.qos.logback.classic.model.processor.LoggerModelHandler - Setting level of logger [org.apache.coyote.http11.Http11NioProtocol] to WARN
12:35:05,344 |-INFO in ch.qos.logback.classic.jul.LevelChangePropagator@1bd59b82 - Propagating WARN level on Logger[org.apache.coyote.http11.Http11NioProtocol] onto the JUL framework
12:35:05,344 |-INFO in ch.qos.logback.classic.model.processor.LoggerModelHandler - Setting level of logger [org.apache.sshd.common.util.SecurityUtils] to WARN
12:35:05,344 |-INFO in ch.qos.logback.classic.jul.LevelChangePropagator@1bd59b82 - Propagating WARN level on Logger[org.apache.sshd.common.util.SecurityUtils] onto the JUL framework
12:35:05,344 |-INFO in ch.qos.logback.classic.model.processor.LoggerModelHandler - Setting level of logger [org.apache.tomcat.util.net.NioSelectorPool] to WARN
12:35:05,344 |-INFO in ch.qos.logback.classic.jul.LevelChangePropagator@1bd59b82 - Propagating WARN level on Logger[org.apache.tomcat.util.net.NioSelectorPool] onto the JUL framework
12:35:05,344 |-INFO in ch.qos.logback.classic.model.processor.LoggerModelHandler - Setting level of logger [org.eclipse.jetty.util.component.AbstractLifeCycle] to ERROR
12:35:05,344 |-INFO in ch.qos.logback.classic.jul.LevelChangePropagator@1bd59b82 - Propagating ERROR level on Logger[org.eclipse.jetty.util.component.AbstractLifeCycle] onto the JUL framework
12:35:05,344 |-INFO in ch.qos.logback.classic.model.processor.LoggerModelHandler - Setting level of logger [org.hibernate.validator.internal.util.Version] to WARN
12:35:05,344 |-INFO in ch.qos.logback.classic.jul.LevelChangePropagator@1bd59b82 - Propagating WARN level on Logger[org.hibernate.validator.internal.util.Version] onto the JUL framework
12:35:05,344 |-INFO in ch.qos.logback.classic.model.processor.LoggerModelHandler - Setting level of logger [org.springframework.boot.actuate.endpoint.jmx] to WARN
12:35:05,344 |-INFO in ch.qos.logback.classic.jul.LevelChangePropagator@1bd59b82 - Propagating WARN level on Logger[org.springframework.boot.actuate.endpoint.jmx] onto the JUL framework
12:35:05,344 |-INFO in ch.qos.logback.core.model.processor.AppenderModelHandler - Processing appender named [CONSOLE]
12:35:05,344 |-INFO in ch.qos.logback.core.model.processor.AppenderModelHandler - About to instantiate appender of type [ch.qos.logback.core.ConsoleAppender]
12:35:05,363 |-INFO in ch.qos.logback.core.model.processor.ImplicitModelHandler - Assuming default type [net.logstash.logback.fieldnames.LogstashFieldNames] for [fieldNames] property
12:35:05,521 |-INFO in ch.qos.logback.core.model.processor.AppenderModelHandler - Processing appender named [FILE]
12:35:05,521 |-INFO in ch.qos.logback.core.model.processor.AppenderModelHandler - About to instantiate appender of type [ch.qos.logback.core.rolling.RollingFileAppender]
12:35:05,526 |-INFO in ch.qos.logback.core.model.processor.ImplicitModelHandler - Assuming default type [net.logstash.logback.fieldnames.LogstashFieldNames] for [fieldNames] property
12:35:05,532 |-INFO in c.q.l.core.rolling.SizeAndTimeBasedRollingPolicy@6987253 - setting totalSizeCap to 1 GB
12:35:05,533 |-INFO in c.q.l.core.rolling.SizeAndTimeBasedRollingPolicy@6987253 - Archive files will be limited to [10 MB] each.
12:35:05,539 |-INFO in c.q.l.core.rolling.SizeAndTimeBasedRollingPolicy@6987253 - Will use gz compression
12:35:05,541 |-INFO in c.q.l.core.rolling.SizeAndTimeBasedRollingPolicy@6987253 - Will use the pattern logs/application.log.%d{yyyy-MM-dd}.%i for the active file
12:35:05,542 |-INFO in ch.qos.logback.core.rolling.SizeAndTimeBasedFNATP@48f4f03e - The date pattern is 'yyyy-MM-dd' from file name pattern 'logs/application.log.%d{yyyy-MM-dd}.%i.gz'.
12:35:05,542 |-INFO in ch.qos.logback.core.rolling.SizeAndTimeBasedFNATP@48f4f03e - Roll-over at midnight.
12:35:05,544 |-INFO in ch.qos.logback.core.rolling.SizeAndTimeBasedFNATP@48f4f03e - Setting initial period to 2025-12-24T07:04:50.957Z
12:35:05,547 |-INFO in ch.qos.logback.core.rolling.RollingFileAppender[FILE] - Active log file name: logs/application.log
12:35:05,547 |-INFO in ch.qos.logback.core.rolling.RollingFileAppender[FILE] - File property is set to [logs/application.log]
12:35:05,547 |-INFO in ch.qos.logback.core.model.processor.AppenderModelHandler - Processing appender named [ERROR_FILE]
12:35:05,547 |-INFO in ch.qos.logback.core.model.processor.AppenderModelHandler - About to instantiate appender of type [ch.qos.logback.core.rolling.RollingFileAppender]
12:35:05,549 |-INFO in ch.qos.logback.core.model.processor.ImplicitModelHandler - Assuming default type [net.logstash.logback.fieldnames.LogstashFieldNames] for [fieldNames] property
12:35:05,551 |-INFO in c.q.l.core.rolling.SizeAndTimeBasedRollingPolicy@1708276387 - setting totalSizeCap to 500 MB
12:35:05,551 |-INFO in c.q.l.core.rolling.SizeAndTimeBasedRollingPolicy@1708276387 - Archive files will be limited to [10 MB] each.
12:35:05,551 |-INFO in c.q.l.core.rolling.SizeAndTimeBasedRollingPolicy@1708276387 - Will use gz compression
12:35:05,551 |-INFO in c.q.l.core.rolling.SizeAndTimeBasedRollingPolicy@1708276387 - Will use the pattern logs/application.log-error.%d{yyyy-MM-dd}.%i for the active file
12:35:05,551 |-INFO in ch.qos.logback.core.rolling.SizeAndTimeBasedFNATP@52eca410 - The date pattern is 'yyyy-MM-dd' from file name pattern 'logs/application.log-error.%d{yyyy-MM-dd}.%i.gz'.
12:35:05,551 |-INFO in ch.qos.logback.core.rolling.SizeAndTimeBasedFNATP@52eca410 - Roll-over at midnight.
12:35:05,552 |-INFO in ch.qos.logback.core.rolling.SizeAndTimeBasedFNATP@52eca410 - Setting initial period to 2025-12-24T07:04:50.565Z
12:35:05,552 |-INFO in ch.qos.logback.core.rolling.RollingFileAppender[ERROR_FILE] - Active log file name: logs/application.log-error.log
12:35:05,552 |-INFO in ch.qos.logback.core.rolling.RollingFileAppender[ERROR_FILE] - File property is set to [logs/application.log-error.log]
12:35:05,552 |-INFO in ch.qos.logback.core.model.processor.AppenderModelHandler - Processing appender named [AUDIT_FILE]
12:35:05,552 |-INFO in ch.qos.logback.core.model.processor.AppenderModelHandler - About to instantiate appender of type [ch.qos.logback.core.rolling.RollingFileAppender]
12:35:05,554 |-INFO in ch.qos.logback.core.model.processor.ImplicitModelHandler - Assuming default type [net.logstash.logback.fieldnames.LogstashFieldNames] for [fieldNames] property
12:35:05,557 |-INFO in c.q.l.core.rolling.SizeAndTimeBasedRollingPolicy@104664717 - setting totalSizeCap to 1 GB
12:35:05,557 |-INFO in c.q.l.core.rolling.SizeAndTimeBasedRollingPolicy@104664717 - Archive files will be limited to [10 MB] each.
12:35:05,557 |-INFO in c.q.l.core.rolling.SizeAndTimeBasedRollingPolicy@104664717 - Will use gz compression
12:35:05,557 |-INFO in c.q.l.core.rolling.SizeAndTimeBasedRollingPolicy@104664717 - Will use the pattern logs/application.log-audit.%d{yyyy-MM-dd}.%i for the active file
12:35:05,557 |-INFO in ch.qos.logback.core.rolling.SizeAndTimeBasedFNATP@69a76b74 - The date pattern is 'yyyy-MM-dd' from file name pattern 'logs/application.log-audit.%d{yyyy-MM-dd}.%i.gz'.
12:35:05,557 |-INFO in ch.qos.logback.core.rolling.SizeAndTimeBasedFNATP@69a76b74 - Roll-over at midnight.
12:35:05,558 |-INFO in ch.qos.logback.core.rolling.SizeAndTimeBasedFNATP@69a76b74 - Setting initial period to 2025-12-24T06:55:53.588Z
12:35:05,558 |-INFO in ch.qos.logback.core.rolling.RollingFileAppender[AUDIT_FILE] - Active log file name: logs/application.log-audit.log
12:35:05,558 |-INFO in ch.qos.logback.core.rolling.RollingFileAppender[AUDIT_FILE] - File property is set to [logs/application.log-audit.log]
12:35:05,558 |-INFO in ch.qos.logback.classic.model.processor.RootLoggerModelHandler - Setting level of ROOT logger to INFO
12:35:05,558 |-INFO in ch.qos.logback.classic.jul.LevelChangePropagator@1bd59b82 - Propagating INFO level on Logger[ROOT] onto the JUL framework
12:35:05,558 |-INFO in ch.qos.logback.core.model.processor.AppenderRefModelHandler - Attaching appender named [CONSOLE] to Logger[ROOT]
12:35:05,558 |-INFO in ch.qos.logback.core.model.processor.AppenderRefModelHandler - Attaching appender named [FILE] to Logger[ROOT]
12:35:05,558 |-INFO in ch.qos.logback.core.model.processor.AppenderRefModelHandler - Attaching appender named [ERROR_FILE] to Logger[ROOT]
12:35:05,558 |-INFO in ch.qos.logback.classic.model.processor.LoggerModelHandler - Setting level of logger [in.winvestco] to DEBUG
12:35:05,558 |-INFO in ch.qos.logback.classic.jul.LevelChangePropagator@1bd59b82 - Propagating DEBUG level on Logger[in.winvestco] onto the JUL framework
12:35:05,559 |-INFO in ch.qos.logback.classic.model.processor.LoggerModelHandler - Setting additivity of logger [in.winvestco] to false
12:35:05,559 |-INFO in ch.qos.logback.core.model.processor.AppenderRefModelHandler - Attaching appender named [CONSOLE] to Logger[in.winvestco]
12:35:05,559 |-INFO in ch.qos.logback.core.model.processor.AppenderRefModelHandler - Attaching appender named [FILE] to Logger[in.winvestco]
12:35:05,560 |-INFO in ch.qos.logback.core.model.processor.AppenderRefModelHandler - Attaching appender named [ERROR_FILE] to Logger[in.winvestco]
12:35:05,560 |-INFO in ch.qos.logback.classic.model.processor.LoggerModelHandler - Setting level of logger [org.springframework.security] to INFO
12:35:05,560 |-INFO in ch.qos.logback.classic.jul.LevelChangePropagator@1bd59b82 - Propagating INFO level on Logger[org.springframework.security] onto the JUL framework
12:35:05,560 |-INFO in ch.qos.logback.classic.model.processor.LoggerModelHandler - Setting additivity of logger [org.springframework.security] to false
12:35:05,560 |-INFO in ch.qos.logback.core.model.processor.AppenderRefModelHandler - Attaching appender named [CONSOLE] to Logger[org.springframework.security]
12:35:05,560 |-INFO in ch.qos.logback.core.model.processor.AppenderRefModelHandler - Attaching appender named [FILE] to Logger[org.springframework.security]
12:35:05,560 |-INFO in ch.qos.logback.core.model.processor.AppenderRefModelHandler - Attaching appender named [ERROR_FILE] to Logger[org.springframework.security]
12:35:05,560 |-INFO in ch.qos.logback.classic.model.processor.LoggerModelHandler - Setting level of logger [org.hibernate.SQL] to DEBUG
12:35:05,560 |-INFO in ch.qos.logback.classic.jul.LevelChangePropagator@1bd59b82 - Propagating DEBUG level on Logger[org.hibernate.SQL] onto the JUL framework
12:35:05,560 |-INFO in ch.qos.logback.classic.model.processor.LoggerModelHandler - Setting additivity of logger [org.hibernate.SQL] to false
12:35:05,560 |-INFO in ch.qos.logback.core.model.processor.AppenderRefModelHandler - Attaching appender named [CONSOLE] to Logger[org.hibernate.SQL]
12:35:05,560 |-INFO in ch.qos.logback.core.model.processor.AppenderRefModelHandler - Attaching appender named [FILE] to Logger[org.hibernate.SQL]
12:35:05,560 |-INFO in ch.qos.logback.classic.model.processor.LoggerModelHandler - Setting level of logger [org.hibernate.type.descriptor.sql.BasicBinder] to TRACE
12:35:05,560 |-INFO in ch.qos.logback.classic.jul.LevelChangePropagator@1bd59b82 - Propagating TRACE level on Logger[org.hibernate.type.descriptor.sql.BasicBinder] onto the JUL framework
12:35:05,560 |-INFO in ch.qos.logback.classic.model.processor.LoggerModelHandler - Setting additivity of logger [org.hibernate.type.descriptor.sql.BasicBinder] to false
12:35:05,560 |-INFO in ch.qos.logback.core.model.processor.AppenderRefModelHandler - Attaching appender named [CONSOLE] to Logger[org.hibernate.type.descriptor.sql.BasicBinder]
12:35:05,560 |-INFO in ch.qos.logback.core.model.processor.AppenderRefModelHandler - Attaching appender named [FILE] to Logger[org.hibernate.type.descriptor.sql.BasicBinder]
12:35:05,560 |-INFO in ch.qos.logback.classic.model.processor.LoggerModelHandler - Setting level of logger [AUDIT] to INFO
12:35:05,560 |-INFO in ch.qos.logback.classic.jul.LevelChangePropagator@1bd59b82 - Propagating INFO level on Logger[AUDIT] onto the JUL framework
12:35:05,560 |-INFO in ch.qos.logback.classic.model.processor.LoggerModelHandler - Setting additivity of logger [AUDIT] to false
12:35:05,560 |-INFO in ch.qos.logback.core.model.processor.AppenderRefModelHandler - Attaching appender named [AUDIT_FILE] to Logger[AUDIT]
12:35:05,560 |-INFO in ch.qos.logback.core.model.processor.DefaultProcessor@1dd443c1 - End of configuration.
12:35:05,560 |-INFO in org.springframework.boot.logging.logback.SpringBootJoranConfigurator@2aafa84f - Registering current configuration as safe fallback point


??      ?? ?? ???    ?? ??    ?? ??????? ??????? ????????  ??????   ?????? 
??      ?? ?? ????   ?? ??    ?? ??      ??         ??    ??    ?? ??    ??
??  ??  ?? ?? ?? ??  ?? ??    ?? ?????   ???????    ??    ??       ??    ??
??  ??  ?? ?? ??  ?? ??  ??  ??  ??           ??    ??    ??    ?? ??    ??
 ????????  ?? ??   ????   ????   ??????? ???????    ??     ??????   ??????

   :: TradingApp :  : Copyright (c) 2025 WinvestCo Pvt Ltd. ::


{"@timestamp":"2025-12-24T12:35:05.677+05:30","message":"Starting UserRepositoryTest using Java 21.0.6 with PID 11128 (started by Sharad Gupta in D:\\winvestco-trading-platform\\backend\\user-service)","logger_name":"in.winvestco.user_service.repository.UserRepositoryTest","thread_name":"main","level":"INFO","level_value":20000,"service":"unknown","environment":"default"}
{"@timestamp":"2025-12-24T12:35:05.687+05:30","message":"Running with Spring Boot v3.2.0, Spring v6.1.1","logger_name":"in.winvestco.user_service.repository.UserRepositoryTest","thread_name":"main","level":"DEBUG","level_value":10000,"service":"unknown","environment":"default"}
{"@timestamp":"2025-12-24T12:35:05.688+05:30","message":"The following 1 profile is active: \"test\"","logger_name":"in.winvestco.user_service.repository.UserRepositoryTest","thread_name":"main","level":"INFO","level_value":20000,"service":"unknown","environment":"default"}
{"@timestamp":"2025-12-24T12:35:06.798+05:30","message":"Flyway upgrade recommended: H2 2.2.224 is newer than this version of Flyway and support has not been tested. The latest supported version of H2 is 2.2.220.","logger_name":"org.flywaydb.core.internal.database.base.Database","thread_name":"main","level":"WARN","level_value":30000,"service":"unknown","environment":"default"}
{"@timestamp":"2025-12-24T12:35:07.223+05:30","message":"HHH000511: The 2.2.0 version for [org.hibernate.dialect.PostgreSQLDialect] is no longer supported, hence certain features may not work properly. The minimum supported version is 11.0.0. Check the community dialects project for available legacy versions.","logger_name":"org.hibernate.dialect.Dialect","thread_name":"main","level":"WARN","level_value":30000,"service":"unknown","environment":"default"}
{"@timestamp":"2025-12-24T12:35:07.227+05:30","message":"HHH90000025: PostgreSQLDialect does not need to be specified explicitly using 'hibernate.dialect' (remove the property setting and it will be selected by default)","logger_name":"org.hibernate.orm.deprecation","thread_name":"main","level":"WARN","level_value":30000,"service":"unknown","environment":"default"}
{"@timestamp":"2025-12-24T12:35:07.846+05:30","message":"\r\n    alter table if exists users_roles \r\n       drop constraint if exists FK2o0jvgh89lemvvo17cbqvdxaa","logger_name":"org.hibernate.SQL","thread_name":"main","level":"DEBUG","level_value":10000,"service":"unknown","environment":"default"}
Hibernate: 
    alter table if exists users_roles 
       drop constraint if exists FK2o0jvgh89lemvvo17cbqvdxaa
{"@timestamp":"2025-12-24T12:35:07.847+05:30","message":"\r\n    drop table if exists users cascade","logger_name":"org.hibernate.SQL","thread_name":"main","level":"DEBUG","level_value":10000,"service":"unknown","environment":"default"}
Hibernate: 
    drop table if exists users cascade
{"@timestamp":"2025-12-24T12:35:07.848+05:30","message":"\r\n    drop table if exists users_roles cascade","logger_name":"org.hibernate.SQL","thread_name":"main","level":"DEBUG","level_value":10000,"service":"unknown","environment":"default"}
Hibernate: 
    drop table if exists users_roles cascade
{"@timestamp":"2025-12-24T12:35:07.855+05:30","message":"\r\n    create table users (\r\n        created_at timestamp(6) with time zone not null,\r\n        id bigserial not null,\r\n        last_login_at timestamp(6) with time zone,\r\n        updated_at timestamp(6) with time zone,\r\n        client_id varchar(20),\r\n        phone_number varchar(20),\r\n        status varchar(20) not null check (status in ('ACTIVE','SUSPENDED','CLOSED','LOCKED','BLOCKED','DELETED')),\r\n        first_name varchar(100),\r\n        last_name varchar(100),\r\n        password_hash varchar(100) not null,\r\n        email varchar(255) not null unique,\r\n        primary key (id)\r\n    )","logger_name":"org.hibernate.SQL","thread_name":"main","level":"DEBUG","level_value":10000,"service":"unknown","environment":"default"}
Hibernate: 
    create table users (
        created_at timestamp(6) with time zone not null,
        id bigserial not null,
        last_login_at timestamp(6) with time zone,
        updated_at timestamp(6) with time zone,
        client_id varchar(20),
        phone_number varchar(20),
        status varchar(20) not null check (status in ('ACTIVE','SUSPENDED','CLOSED','LOCKED','BLOCKED','DELETED')),
        first_name varchar(100),
        last_name varchar(100),
        password_hash varchar(100) not null,
        email varchar(255) not null unique,
        primary key (id)
    )
{"@timestamp":"2025-12-24T12:35:07.858+05:30","message":"\r\n    create table users_roles (\r\n        user_id bigint not null,\r\n        role varchar(50) check (role in ('ADMIN','USER','VIEWER'))\r\n    )","logger_name":"org.hibernate.SQL","thread_name":"main","level":"DEBUG","level_value":10000,"service":"unknown","environment":"default"}
Hibernate: 
    create table users_roles (
        user_id bigint not null,
        role varchar(50) check (role in ('ADMIN','USER','VIEWER'))
    )
{"@timestamp":"2025-12-24T12:35:07.859+05:30","message":"\r\n    alter table if exists users_roles \r\n       add constraint FK2o0jvgh89lemvvo17cbqvdxaa \r\n       foreign key (user_id) \r\n       references users","logger_name":"org.hibernate.SQL","thread_name":"main","level":"DEBUG","level_value":10000,"service":"unknown","environment":"default"}
Hibernate: 
    alter table if exists users_roles 
       add constraint FK2o0jvgh89lemvvo17cbqvdxaa 
       foreign key (user_id) 
       references users
{"@timestamp":"2025-12-24T12:35:07.871+05:30","message":"UserServiceApplication initialized with centralized logging and service discovery","logger_name":"in.winvestco.user_service.UserServiceApplication","thread_name":"main","level":"INFO","level_value":20000,"service":"unknown","environment":"default"}
{"@timestamp":"2025-12-24T12:35:08.342+05:30","message":"Started UserRepositoryTest in 3.378 seconds (process running for 6.538)","logger_name":"in.winvestco.user_service.repository.UserRepositoryTest","thread_name":"main","level":"INFO","level_value":20000,"service":"unknown","environment":"default"}
{"@timestamp":"2025-12-24T12:35:08.546+05:30","message":"\r\n    select\r\n        u1_0.id \r\n    from\r\n        users u1_0 \r\n    where\r\n        u1_0.email=? \r\n    fetch\r\n        first ? rows only","logger_name":"org.hibernate.SQL","thread_name":"main","level":"DEBUG","level_value":10000,"service":"unknown","environment":"default"}
Hibernate: 
    select
        u1_0.id 
    from
        users u1_0 
    where
        u1_0.email=? 
    fetch
        first ? rows only
{"@timestamp":"2025-12-24T12:35:08.581+05:30","message":"\r\n    select\r\n        u1_0.id,\r\n        u1_0.client_id,\r\n        u1_0.created_at,\r\n        u1_0.email,\r\n        u1_0.first_name,\r\n        u1_0.last_login_at,\r\n        u1_0.last_name,\r\n        u1_0.password_hash,\r\n        u1_0.phone_number,\r\n        u1_0.status,\r\n        u1_0.updated_at \r\n    from\r\n        users u1_0 \r\n    where\r\n        u1_0.email=?","logger_name":"org.hibernate.SQL","thread_name":"main","level":"DEBUG","level_value":10000,"service":"unknown","environment":"default"}
Hibernate: 
    select
        u1_0.id,
        u1_0.client_id,
        u1_0.created_at,
        u1_0.email,
        u1_0.first_name,
        u1_0.last_login_at,
        u1_0.last_name,
        u1_0.password_hash,
        u1_0.phone_number,
        u1_0.status,
        u1_0.updated_at 
    from
        users u1_0 
    where
        u1_0.email=?
[ERROR] Tests run: 8, Failures: 0, Errors: 6, Skipped: 0, Time elapsed: 3.910 s <<< FAILURE! -- in in.winvestco.user_service.repository.UserRepositoryTest
[ERROR] in.winvestco.user_service.repository.UserRepositoryTest.findAllByRolesContaining_ShouldReturnUsersWithMatchingRole -- Time elapsed: 0.085 s <<< ERROR!
jakarta.validation.ConstraintViolationException: 
Validation failed for classes [in.winvestco.user_service.model.User] during persist time for groups [jakarta.validation.groups.Default, ]
List of constraint violations:[
	ConstraintViolationImpl{interpolatedMessage='size must be between 60 and 100', propertyPath=passwordHash, rootBeanClass=class in.winvestco.user_service.model.User, messageTemplate='{jakarta.validation.constraints.Size.message}'}
]
	at org.hibernate.boot.beanvalidation.BeanValidationEventListener.validate(BeanValidationEventListener.java:151)
	at org.hibernate.boot.beanvalidation.BeanValidationEventListener.onPreInsert(BeanValidationEventListener.java:81)
	at org.hibernate.action.internal.EntityIdentityInsertAction.preInsert(EntityIdentityInsertAction.java:186)
	at org.hibernate.action.internal.EntityIdentityInsertAction.execute(EntityIdentityInsertAction.java:75)
	at org.hibernate.engine.spi.ActionQueue.execute(ActionQueue.java:667)
	at org.hibernate.engine.spi.ActionQueue.addResolvedEntityInsertAction(ActionQueue.java:290)
	at org.hibernate.engine.spi.ActionQueue.addInsertAction(ActionQueue.java:271)
	at org.hibernate.engine.spi.ActionQueue.addAction(ActionQueue.java:321)
	at org.hibernate.event.internal.AbstractSaveEventListener.addInsertAction(AbstractSaveEventListener.java:386)
	at org.hibernate.event.internal.AbstractSaveEventListener.performSaveOrReplicate(AbstractSaveEventListener.java:300)
	at org.hibernate.event.internal.AbstractSaveEventListener.performSave(AbstractSaveEventListener.java:219)
	at org.hibernate.event.internal.AbstractSaveEventListener.saveWithGeneratedId(AbstractSaveEventListener.java:134)
	at org.hibernate.event.internal.DefaultPersistEventListener.entityIsTransient(DefaultPersistEventListener.java:175)
	at org.hibernate.event.internal.DefaultPersistEventListener.persist(DefaultPersistEventListener.java:93)
	at org.hibernate.event.internal.DefaultPersistEventListener.onPersist(DefaultPersistEventListener.java:77)
	at org.hibernate.event.internal.DefaultPersistEventListener.onPersist(DefaultPersistEventListener.java:54)
	at org.hibernate.event.service.internal.EventListenerGroupImpl.fireEventOnEachListener(EventListenerGroupImpl.java:127)
	at org.hibernate.internal.SessionImpl.firePersist(SessionImpl.java:766)
	at org.hibernate.internal.SessionImpl.persist(SessionImpl.java:750)
	at org.springframework.boot.test.autoconfigure.orm.jpa.TestEntityManager.persist(TestEntityManager.java:92)
	at org.springframework.boot.test.autoconfigure.orm.jpa.TestEntityManager.persistAndFlush(TestEntityManager.java:130)
	at in.winvestco.user_service.repository.UserRepositoryTest.findAllByRolesContaining_ShouldReturnUsersWithMatchingRole(UserRepositoryTest.java:142)
	at java.base/java.lang.reflect.Method.invoke(Method.java:580)
	at java.base/java.util.ArrayList.forEach(ArrayList.java:1596)
	at java.base/java.util.ArrayList.forEach(ArrayList.java:1596)

[ERROR] in.winvestco.user_service.repository.UserRepositoryTest.existsByEmail_WhenEmailExists_ShouldReturnTrue -- Time elapsed: 0.006 s <<< ERROR!
jakarta.validation.ConstraintViolationException: 
Validation failed for classes [in.winvestco.user_service.model.User] during persist time for groups [jakarta.validation.groups.Default, ]
List of constraint violations:[
	ConstraintViolationImpl{interpolatedMessage='size must be between 60 and 100', propertyPath=passwordHash, rootBeanClass=class in.winvestco.user_service.model.User, messageTemplate='{jakarta.validation.constraints.Size.message}'}
]
	at org.hibernate.boot.beanvalidation.BeanValidationEventListener.validate(BeanValidationEventListener.java:151)
	at org.hibernate.boot.beanvalidation.BeanValidationEventListener.onPreInsert(BeanValidationEventListener.java:81)
	at org.hibernate.action.internal.EntityIdentityInsertAction.preInsert(EntityIdentityInsertAction.java:186)
	at org.hibernate.action.internal.EntityIdentityInsertAction.execute(EntityIdentityInsertAction.java:75)
	at org.hibernate.engine.spi.ActionQueue.execute(ActionQueue.java:667)
	at org.hibernate.engine.spi.ActionQueue.addResolvedEntityInsertAction(ActionQueue.java:290)
	at org.hibernate.engine.spi.ActionQueue.addInsertAction(ActionQueue.java:271)
	at org.hibernate.engine.spi.ActionQueue.addAction(ActionQueue.java:321)
	at org.hibernate.event.internal.AbstractSaveEventListener.addInsertAction(AbstractSaveEventListener.java:386)
	at org.hibernate.event.internal.AbstractSaveEventListener.performSaveOrReplicate(AbstractSaveEventListener.java:300)
	at org.hibernate.event.internal.AbstractSaveEventListener.performSave(AbstractSaveEventListener.java:219)
	at org.hibernate.event.internal.AbstractSaveEventListener.saveWithGeneratedId(AbstractSaveEventListener.java:134)
	at org.hibernate.event.internal.DefaultPersistEventListener.entityIsTransient(DefaultPersistEventListener.java:175)
	at org.hibernate.event.internal.DefaultPersistEventListener.persist(DefaultPersistEventListener.java:93)
	at org.hibernate.event.internal.DefaultPersistEventListener.onPersist(DefaultPersistEventListener.java:77)
	at org.hibernate.event.internal.DefaultPersistEventListener.onPersist(DefaultPersistEventListener.java:54)
	at org.hibernate.event.service.internal.EventListenerGroupImpl.fireEventOnEachListener(EventListenerGroupImpl.java:127)
	at org.hibernate.internal.SessionImpl.firePersist(SessionImpl.java:766)
	at org.hibernate.internal.SessionImpl.persist(SessionImpl.java:750)
	at org.springframework.boot.test.autoconfigure.orm.jpa.TestEntityManager.persist(TestEntityManager.java:92)
	at org.springframework.boot.test.autoconfigure.orm.jpa.TestEntityManager.persistAndFlush(TestEntityManager.java:130)
	at in.winvestco.user_service.repository.UserRepositoryTest.existsByEmail_WhenEmailExists_ShouldReturnTrue(UserRepositoryTest.java:79)
	at java.base/java.lang.reflect.Method.invoke(Method.java:580)
	at java.base/java.util.ArrayList.forEach(ArrayList.java:1596)
	at java.base/java.util.ArrayList.forEach(ArrayList.java:1596)

[ERROR] in.winvestco.user_service.repository.UserRepositoryTest.findAllByRolesContaining_Viewer_ShouldReturnMatchingUsers -- Time elapsed: 0.005 s <<< ERROR!
jakarta.validation.ConstraintViolationException: 
Validation failed for classes [in.winvestco.user_service.model.User] during persist time for groups [jakarta.validation.groups.Default, ]
List of constraint violations:[
	ConstraintViolationImpl{interpolatedMessage='size must be between 60 and 100', propertyPath=passwordHash, rootBeanClass=class in.winvestco.user_service.model.User, messageTemplate='{jakarta.validation.constraints.Size.message}'}
]
	at org.hibernate.boot.beanvalidation.BeanValidationEventListener.validate(BeanValidationEventListener.java:151)
	at org.hibernate.boot.beanvalidation.BeanValidationEventListener.onPreInsert(BeanValidationEventListener.java:81)
	at org.hibernate.action.internal.EntityIdentityInsertAction.preInsert(EntityIdentityInsertAction.java:186)
	at org.hibernate.action.internal.EntityIdentityInsertAction.execute(EntityIdentityInsertAction.java:75)
	at org.hibernate.engine.spi.ActionQueue.execute(ActionQueue.java:667)
	at org.hibernate.engine.spi.ActionQueue.addResolvedEntityInsertAction(ActionQueue.java:290)
	at org.hibernate.engine.spi.ActionQueue.addInsertAction(ActionQueue.java:271)
	at org.hibernate.engine.spi.ActionQueue.addAction(ActionQueue.java:321)
	at org.hibernate.event.internal.AbstractSaveEventListener.addInsertAction(AbstractSaveEventListener.java:386)
	at org.hibernate.event.internal.AbstractSaveEventListener.performSaveOrReplicate(AbstractSaveEventListener.java:300)
	at org.hibernate.event.internal.AbstractSaveEventListener.performSave(AbstractSaveEventListener.java:219)
	at org.hibernate.event.internal.AbstractSaveEventListener.saveWithGeneratedId(AbstractSaveEventListener.java:134)
	at org.hibernate.event.internal.DefaultPersistEventListener.entityIsTransient(DefaultPersistEventListener.java:175)
	at org.hibernate.event.internal.DefaultPersistEventListener.persist(DefaultPersistEventListener.java:93)
	at org.hibernate.event.internal.DefaultPersistEventListener.onPersist(DefaultPersistEventListener.java:77)
	at org.hibernate.event.internal.DefaultPersistEventListener.onPersist(DefaultPersistEventListener.java:54)
	at org.hibernate.event.service.internal.EventListenerGroupImpl.fireEventOnEachListener(EventListenerGroupImpl.java:127)
	at org.hibernate.internal.SessionImpl.firePersist(SessionImpl.java:766)
	at org.hibernate.internal.SessionImpl.persist(SessionImpl.java:750)
	at org.springframework.boot.test.autoconfigure.orm.jpa.TestEntityManager.persist(TestEntityManager.java:92)
	at org.springframework.boot.test.autoconfigure.orm.jpa.TestEntityManager.persistAndFlush(TestEntityManager.java:130)
	at in.winvestco.user_service.repository.UserRepositoryTest.findAllByRolesContaining_Viewer_ShouldReturnMatchingUsers(UserRepositoryTest.java:176)
	at java.base/java.lang.reflect.Method.invoke(Method.java:580)
	at java.base/java.util.ArrayList.forEach(ArrayList.java:1596)
	at java.base/java.util.ArrayList.forEach(ArrayList.java:1596)

[ERROR] in.winvestco.user_service.repository.UserRepositoryTest.findByEmail_WhenUserExists_ShouldReturnUser -- Time elapsed: 0.004 s <<< ERROR!
jakarta.validation.ConstraintViolationException: 
Validation failed for classes [in.winvestco.user_service.model.User] during persist time for groups [jakarta.validation.groups.Default, ]
List of constraint violations:[
	ConstraintViolationImpl{interpolatedMessage='size must be between 60 and 100', propertyPath=passwordHash, rootBeanClass=class in.winvestco.user_service.model.User, messageTemplate='{jakarta.validation.constraints.Size.message}'}
]
	at org.hibernate.boot.beanvalidation.BeanValidationEventListener.validate(BeanValidationEventListener.java:151)
	at org.hibernate.boot.beanvalidation.BeanValidationEventListener.onPreInsert(BeanValidationEventListener.java:81)
	at org.hibernate.action.internal.EntityIdentityInsertAction.preInsert(EntityIdentityInsertAction.java:186)
	at org.hibernate.action.internal.EntityIdentityInsertAction.execute(EntityIdentityInsertAction.java:75)
	at org.hibernate.engine.spi.ActionQueue.execute(ActionQueue.java:667)
	at org.hibernate.engine.spi.ActionQueue.addResolvedEntityInsertAction(ActionQueue.java:290)
	at org.hibernate.engine.spi.ActionQueue.addInsertAction(ActionQueue.java:271)
	at org.hibernate.engine.spi.ActionQueue.addAction(ActionQueue.java:321)
	at org.hibernate.event.internal.AbstractSaveEventListener.addInsertAction(AbstractSaveEventListener.java:386)
	at org.hibernate.event.internal.AbstractSaveEventListener.performSaveOrReplicate(AbstractSaveEventListener.java:300)
	at org.hibernate.event.internal.AbstractSaveEventListener.performSave(AbstractSaveEventListener.java:219)
	at org.hibernate.event.internal.AbstractSaveEventListener.saveWithGeneratedId(AbstractSaveEventListener.java:134)
	at org.hibernate.event.internal.DefaultPersistEventListener.entityIsTransient(DefaultPersistEventListener.java:175)
	at org.hibernate.event.internal.DefaultPersistEventListener.persist(DefaultPersistEventListener.java:93)
	at org.hibernate.event.internal.DefaultPersistEventListener.onPersist(DefaultPersistEventListener.java:77)
	at org.hibernate.event.internal.DefaultPersistEventListener.onPersist(DefaultPersistEventListener.java:54)
	at org.hibernate.event.service.internal.EventListenerGroupImpl.fireEventOnEachListener(EventListenerGroupImpl.java:127)
	at org.hibernate.internal.SessionImpl.firePersist(SessionImpl.java:766)
	at org.hibernate.internal.SessionImpl.persist(SessionImpl.java:750)
	at org.springframework.boot.test.autoconfigure.orm.jpa.TestEntityManager.persist(TestEntityManager.java:92)
	at org.springframework.boot.test.autoconfigure.orm.jpa.TestEntityManager.persistAndFlush(TestEntityManager.java:130)
	at in.winvestco.user_service.repository.UserRepositoryTest.findByEmail_WhenUserExists_ShouldReturnUser(UserRepositoryTest.java:60)
	at java.base/java.lang.reflect.Method.invoke(Method.java:580)
	at java.base/java.util.ArrayList.forEach(ArrayList.java:1596)
	at java.base/java.util.ArrayList.forEach(ArrayList.java:1596)

[ERROR] in.winvestco.user_service.repository.UserRepositoryTest.findAllByStatus_ShouldReturnUsersWithMatchingStatus -- Time elapsed: 0.006 s <<< ERROR!
jakarta.validation.ConstraintViolationException: 
Validation failed for classes [in.winvestco.user_service.model.User] during persist time for groups [jakarta.validation.groups.Default, ]
List of constraint violations:[
	ConstraintViolationImpl{interpolatedMessage='size must be between 60 and 100', propertyPath=passwordHash, rootBeanClass=class in.winvestco.user_service.model.User, messageTemplate='{jakarta.validation.constraints.Size.message}'}
]
	at org.hibernate.boot.beanvalidation.BeanValidationEventListener.validate(BeanValidationEventListener.java:151)
	at org.hibernate.boot.beanvalidation.BeanValidationEventListener.onPreInsert(BeanValidationEventListener.java:81)
	at org.hibernate.action.internal.EntityIdentityInsertAction.preInsert(EntityIdentityInsertAction.java:186)
	at org.hibernate.action.internal.EntityIdentityInsertAction.execute(EntityIdentityInsertAction.java:75)
	at org.hibernate.engine.spi.ActionQueue.execute(ActionQueue.java:667)
	at org.hibernate.engine.spi.ActionQueue.addResolvedEntityInsertAction(ActionQueue.java:290)
	at org.hibernate.engine.spi.ActionQueue.addInsertAction(ActionQueue.java:271)
	at org.hibernate.engine.spi.ActionQueue.addAction(ActionQueue.java:321)
	at org.hibernate.event.internal.AbstractSaveEventListener.addInsertAction(AbstractSaveEventListener.java:386)
	at org.hibernate.event.internal.AbstractSaveEventListener.performSaveOrReplicate(AbstractSaveEventListener.java:300)
	at org.hibernate.event.internal.AbstractSaveEventListener.performSave(AbstractSaveEventListener.java:219)
	at org.hibernate.event.internal.AbstractSaveEventListener.saveWithGeneratedId(AbstractSaveEventListener.java:134)
	at org.hibernate.event.internal.DefaultPersistEventListener.entityIsTransient(DefaultPersistEventListener.java:175)
	at org.hibernate.event.internal.DefaultPersistEventListener.persist(DefaultPersistEventListener.java:93)
	at org.hibernate.event.internal.DefaultPersistEventListener.onPersist(DefaultPersistEventListener.java:77)
	at org.hibernate.event.internal.DefaultPersistEventListener.onPersist(DefaultPersistEventListener.java:54)
	at org.hibernate.event.service.internal.EventListenerGroupImpl.fireEventOnEachListener(EventListenerGroupImpl.java:127)
	at org.hibernate.internal.SessionImpl.firePersist(SessionImpl.java:766)
	at org.hibernate.internal.SessionImpl.persist(SessionImpl.java:750)
	at org.springframework.boot.test.autoconfigure.orm.jpa.TestEntityManager.persist(TestEntityManager.java:92)
	at org.springframework.boot.test.autoconfigure.orm.jpa.TestEntityManager.persistAndFlush(TestEntityManager.java:130)
	at in.winvestco.user_service.repository.UserRepositoryTest.findAllByStatus_ShouldReturnUsersWithMatchingStatus(UserRepositoryTest.java:119)
	at java.base/java.lang.reflect.Method.invoke(Method.java:580)
	at java.base/java.util.ArrayList.forEach(ArrayList.java:1596)
	at java.base/java.util.ArrayList.forEach(ArrayList.java:1596)

[ERROR] in.winvestco.user_service.repository.UserRepositoryTest.findByFirstName_ShouldReturnMatchingUsers -- Time elapsed: 0.004 s <<< ERROR!
jakarta.validation.ConstraintViolationException: 
Validation failed for classes [in.winvestco.user_service.model.User] during persist time for groups [jakarta.validation.groups.Default, ]
List of constraint violations:[
	ConstraintViolationImpl{interpolatedMessage='size must be between 60 and 100', propertyPath=passwordHash, rootBeanClass=class in.winvestco.user_service.model.User, messageTemplate='{jakarta.validation.constraints.Size.message}'}
]
	at org.hibernate.boot.beanvalidation.BeanValidationEventListener.validate(BeanValidationEventListener.java:151)
	at org.hibernate.boot.beanvalidation.BeanValidationEventListener.onPreInsert(BeanValidationEventListener.java:81)
	at org.hibernate.action.internal.EntityIdentityInsertAction.preInsert(EntityIdentityInsertAction.java:186)
	at org.hibernate.action.internal.EntityIdentityInsertAction.execute(EntityIdentityInsertAction.java:75)
	at org.hibernate.engine.spi.ActionQueue.execute(ActionQueue.java:667)
	at org.hibernate.engine.spi.ActionQueue.addResolvedEntityInsertAction(ActionQueue.java:290)
	at org.hibernate.engine.spi.ActionQueue.addInsertAction(ActionQueue.java:271)
	at org.hibernate.engine.spi.ActionQueue.addAction(ActionQueue.java:321)
	at org.hibernate.event.internal.AbstractSaveEventListener.addInsertAction(AbstractSaveEventListener.java:386)
	at org.hibernate.event.internal.AbstractSaveEventListener.performSaveOrReplicate(AbstractSaveEventListener.java:300)
	at org.hibernate.event.internal.AbstractSaveEventListener.performSave(AbstractSaveEventListener.java:219)
	at org.hibernate.event.internal.AbstractSaveEventListener.saveWithGeneratedId(AbstractSaveEventListener.java:134)
	at org.hibernate.event.internal.DefaultPersistEventListener.entityIsTransient(DefaultPersistEventListener.java:175)
	at org.hibernate.event.internal.DefaultPersistEventListener.persist(DefaultPersistEventListener.java:93)
	at org.hibernate.event.internal.DefaultPersistEventListener.onPersist(DefaultPersistEventListener.java:77)
	at org.hibernate.event.internal.DefaultPersistEventListener.onPersist(DefaultPersistEventListener.java:54)
	at org.hibernate.event.service.internal.EventListenerGroupImpl.fireEventOnEachListener(EventListenerGroupImpl.java:127)
	at org.hibernate.internal.SessionImpl.firePersist(SessionImpl.java:766)
	at org.hibernate.internal.SessionImpl.persist(SessionImpl.java:750)
	at org.springframework.boot.test.autoconfigure.orm.jpa.TestEntityManager.persist(TestEntityManager.java:92)
	at org.springframework.boot.test.autoconfigure.orm.jpa.TestEntityManager.persistAndFlush(TestEntityManager.java:130)
	at in.winvestco.user_service.repository.UserRepositoryTest.findByFirstName_ShouldReturnMatchingUsers(UserRepositoryTest.java:154)
	at java.base/java.lang.reflect.Method.invoke(Method.java:580)
	at java.base/java.util.ArrayList.forEach(ArrayList.java:1596)
	at java.base/java.util.ArrayList.forEach(ArrayList.java:1596)

[INFO] Running in.winvestco.user_service.security.UserDetailsImplTest
[INFO] Running in.winvestco.user_service.security.UserDetailsImplTest$GetterTests
[INFO] Tests run: 3, Failures: 0, Errors: 0, Skipped: 0, Time elapsed: 0.006 s -- in in.winvestco.user_service.security.UserDetailsImplTest$GetterTests
[INFO] Running in.winvestco.user_service.security.UserDetailsImplTest$EqualityTests
[INFO] Tests run: 4, Failures: 0, Errors: 0, Skipped: 0, Time elapsed: 0.003 s -- in in.winvestco.user_service.security.UserDetailsImplTest$EqualityTests
[INFO] Running in.winvestco.user_service.security.UserDetailsImplTest$AccountStatusTests
[INFO] Tests run: 4, Failures: 0, Errors: 0, Skipped: 0, Time elapsed: 0.002 s -- in in.winvestco.user_service.security.UserDetailsImplTest$AccountStatusTests
[INFO] Running in.winvestco.user_service.security.UserDetailsImplTest$AuthorityTests
[INFO] Tests run: 2, Failures: 0, Errors: 0, Skipped: 0, Time elapsed: 0.006 s -- in in.winvestco.user_service.security.UserDetailsImplTest$AuthorityTests
[INFO] Running in.winvestco.user_service.security.UserDetailsImplTest$BuildMethodTests
[INFO] Tests run: 1, Failures: 0, Errors: 0, Skipped: 0, Time elapsed: 0.002 s -- in in.winvestco.user_service.security.UserDetailsImplTest$BuildMethodTests
[INFO] Running in.winvestco.user_service.security.UserDetailsImplTest$ConstructorTests
[INFO] Tests run: 2, Failures: 0, Errors: 0, Skipped: 0, Time elapsed: 0.004 s -- in in.winvestco.user_service.security.UserDetailsImplTest$ConstructorTests
[INFO] Tests run: 0, Failures: 0, Errors: 0, Skipped: 0, Time elapsed: 0.030 s -- in in.winvestco.user_service.security.UserDetailsImplTest
[INFO] Running in.winvestco.user_service.security.UserDetailsServiceImplTest
[INFO] Running in.winvestco.user_service.security.UserDetailsServiceImplTest$EdgeCaseTests
[INFO] Tests run: 2, Failures: 0, Errors: 0, Skipped: 0, Time elapsed: 0.097 s -- in in.winvestco.user_service.security.UserDetailsServiceImplTest$EdgeCaseTests
[INFO] Running in.winvestco.user_service.security.UserDetailsServiceImplTest$LoggingTests
[INFO] Tests run: 3, Failures: 0, Errors: 0, Skipped: 0, Time elapsed: 0.011 s -- in in.winvestco.user_service.security.UserDetailsServiceImplTest$LoggingTests
[INFO] Running in.winvestco.user_service.security.UserDetailsServiceImplTest$LoadUserByUsernameFailureTests
[ERROR] Tests run: 6, Failures: 1, Errors: 0, Skipped: 0, Time elapsed: 0.026 s <<< FAILURE! -- in in.winvestco.user_service.security.UserDetailsServiceImplTest$LoadUserByUsernameFailureTests
[ERROR] in.winvestco.user_service.security.UserDetailsServiceImplTest$LoadUserByUsernameFailureTests.loadUserByUsername_WhenEmailNull_ShouldThrowException -- Time elapsed: 0.009 s <<< FAILURE!
java.lang.AssertionError: 

Expecting actual throwable to be an instance of:
  org.springframework.security.core.userdetails.UsernameNotFoundException
but was:
  java.lang.NullPointerException
	at java.base/java.util.Objects.requireNonNull(Objects.java:233)
	at java.base/java.util.ImmutableCollections$MapN.<init>(ImmutableCollections.java:1193)
	at java.base/java.util.Map.of(Map.java:1407)
	...(86 remaining lines not displayed - this can be changed with Assertions.setMaxStackTraceElementsDisplayed)
	at in.winvestco.user_service.security.UserDetailsServiceImplTest$LoadUserByUsernameFailureTests.loadUserByUsername_WhenEmailNull_ShouldThrowException(UserDetailsServiceImplTest.java:124)
	at java.base/java.lang.reflect.Method.invoke(Method.java:580)
	at java.base/java.util.ArrayList.forEach(ArrayList.java:1596)
	at java.base/java.util.ArrayList.forEach(ArrayList.java:1596)
	at java.base/java.util.ArrayList.forEach(ArrayList.java:1596)

[INFO] Running in.winvestco.user_service.security.UserDetailsServiceImplTest$LoadUserByUsernameSuccessTests
[INFO] Tests run: 3, Failures: 0, Errors: 0, Skipped: 0, Time elapsed: 0.009 s -- in in.winvestco.user_service.security.UserDetailsServiceImplTest$LoadUserByUsernameSuccessTests
[INFO] Tests run: 0, Failures: 0, Errors: 0, Skipped: 0, Time elapsed: 0.146 s -- in in.winvestco.user_service.security.UserDetailsServiceImplTest
[INFO] Running in.winvestco.user_service.service.JwtServiceTest
[INFO] Running in.winvestco.user_service.service.JwtServiceTest$TokenValidationTests
{"@timestamp":"2025-12-24T12:35:08.871+05:30","message":"Token validation failed","logger_name":"in.winvestco.user_service.service.JwtService","thread_name":"main","level":"ERROR","level_value":40000,"stack_trace":"io.jsonwebtoken.MalformedJwtException: Malformed protected header JSON: Unable to deserialize: Unexpected character ('?' (code 65533 / 0xfffd)): expected a valid value (JSON String, Number, Array, Object or token 'null', 'true' or 'false')\n at [Source: (InputStreamReader); line: 1, column: 2]\r\n\tat io.jsonwebtoken.impl.io.JsonObjectDeserializer.malformed(JsonObjectDeserializer.java:76)\r\n\tat io.jsonwebtoken.impl.io.JsonObjectDeserializer.apply(JsonObjectDeserializer.java:70)\r\n\tat io.jsonwebtoken.impl.DefaultJwtParser.deserialize(DefaultJwtParser.java:890)\r\n\tat io.jsonwebtoken.impl.DefaultJwtParser.parse(DefaultJwtParser.java:380)\r\n\tat io.jsonwebtoken.impl.DefaultJwtParser.parse(DefaultJwtParser.java:362)\r\n\tat io.jsonwebtoken.impl.DefaultJwtParser.parse(DefaultJwtParser.java:94)\r\n\tat io.jsonwebtoken.impl.io.AbstractParser.parse(AbstractParser.java:36)\r\n\tat io.jsonwebtoken.impl.io.AbstractParser.parse(AbstractParser.java:29)\r\n\tat io.jsonwebtoken.impl.DefaultJwtParser.parseSignedClaims(DefaultJwtParser.java:821)\r\n\tat in.winvestco.user_service.service.JwtService.extractAllClaims(JwtService.java:123)\r\n\tat in.winvestco.user_service.service.JwtService.extractClaim(JwtService.java:112)\r\n\tat in.winvestco.user_service.service.JwtService.extractExpiration(JwtService.java:105)\r\n\tat in.winvestco.user_service.service.JwtService.isTokenExpired(JwtService.java:131)\r\n\tat in.winvestco.user_service.service.JwtService.validateToken(JwtService.java:147)\r\n\tat in.winvestco.user_service.service.JwtServiceTest$TokenValidationTests.validateToken_WithMalformedToken_ShouldReturnFalse(JwtServiceTest.java:179)\r\n\tat java.base/jdk.internal.reflect.DirectMethodHandleAccessor.invoke(DirectMethodHandleAccessor.java:103)\r\n\tat java.base/java.lang.reflect.Method.invoke(Method.java:580)\r\n\tat org.junit.platform.commons.util.ReflectionUtils.invokeMethod(ReflectionUtils.java:728)\r\n\tat org.junit.jupiter.engine.execution.MethodInvocation.proceed(MethodInvocation.java:60)\r\n\tat org.junit.jupiter.engine.execution.InvocationInterceptorChain$ValidatingInvocation.proceed(InvocationInterceptorChain.java:131)\r\n\tat org.junit.jupiter.engine.extension.TimeoutExtension.intercept(TimeoutExtension.java:156)\r\n\tat org.junit.jupiter.engine.extension.TimeoutExtension.interceptTestableMethod(TimeoutExtension.java:147)\r\n\tat org.junit.jupiter.engine.extension.TimeoutExtension.interceptTestMethod(TimeoutExtension.java:86)\r\n\tat org.junit.jupiter.engine.execution.InterceptingExecutableInvoker$ReflectiveInterceptorCall.lambda$ofVoidMethod$0(InterceptingExecutableInvoker.java:103)\r\n\tat org.junit.jupiter.engine.execution.InterceptingExecutableInvoker.lambda$invoke$0(InterceptingExecutableInvoker.java:93)\r\n\tat org.junit.jupiter.engine.execution.InvocationInterceptorChain$InterceptedInvocation.proceed(InvocationInterceptorChain.java:106)\r\n\tat org.junit.jupiter.engine.execution.InvocationInterceptorChain.proceed(InvocationInterceptorChain.java:64)\r\n\tat org.junit.jupiter.engine.execution.InvocationInterceptorChain.chainAndInvoke(InvocationInterceptorChain.java:45)\r\n\tat org.junit.jupiter.engine.execution.InvocationInterceptorChain.invoke(InvocationInterceptorChain.java:37)\r\n\tat org.junit.jupiter.engine.execution.InterceptingExecutableInvoker.invoke(InterceptingExecutableInvoker.java:92)\r\n\tat org.junit.jupiter.engine.execution.InterceptingExecutableInvoker.invoke(InterceptingExecutableInvoker.java:86)\r\n\tat org.junit.jupiter.engine.descriptor.TestMethodTestDescriptor.lambda$invokeTestMethod$7(TestMethodTestDescriptor.java:218)\r\n\tat org.junit.platform.engine.support.hierarchical.ThrowableCollector.execute(ThrowableCollector.java:73)\r\n\tat org.junit.jupiter.engine.descriptor.TestMethodTestDescriptor.invokeTestMethod(TestMethodTestDescriptor.java:214)\r\n\tat org.junit.jupiter.engine.descriptor.TestMethodTestDescriptor.execute(TestMethodTestDescriptor.java:139)\r\n\tat org.junit.jupiter.engine.descriptor.TestMethodTestDescriptor.execute(TestMethodTestDescriptor.java:69)\r\n\tat org.junit.platform.engine.support.hierarchical.NodeTestTask.lambda$executeRecursively$6(NodeTestTask.java:151)\r\n\tat org.junit.platform.engine.support.hierarchical.ThrowableCollector.execute(ThrowableCollector.java:73)\r\n\tat org.junit.platform.engine.support.hierarchical.NodeTestTask.lambda$executeRecursively$8(NodeTestTask.java:141)\r\n\tat org.junit.platform.engine.support.hierarchical.Node.around(Node.java:137)\r\n\tat org.junit.platform.engine.support.hierarchical.NodeTestTask.lambda$executeRecursively$9(NodeTestTask.java:139)\r\n\tat org.junit.platform.engine.support.hierarchical.ThrowableCollector.execute(ThrowableCollector.java:73)\r\n\tat org.junit.platform.engine.support.hierarchical.NodeTestTask.executeRecursively(NodeTestTask.java:138)\r\n\tat org.junit.platform.engine.support.hierarchical.NodeTestTask.execute(NodeTestTask.java:95)\r\n\tat java.base/java.util.ArrayList.forEach(ArrayList.java:1596)\r\n\tat org.junit.platform.engine.support.hierarchical.SameThreadHierarchicalTestExecutorService.invokeAll(SameThreadHierarchicalTestExecutorService.java:41)\r\n\tat org.junit.platform.engine.support.hierarchical.NodeTestTask.lambda$executeRecursively$6(NodeTestTask.java:155)\r\n\tat org.junit.platform.engine.support.hierarchical.ThrowableCollector.execute(ThrowableCollector.java:73)\r\n\tat org.junit.platform.engine.support.hierarchical.NodeTestTask.lambda$executeRecursively$8(NodeTestTask.java:141)\r\n\tat org.junit.platform.engine.support.hierarchical.Node.around(Node.java:137)\r\n\tat org.junit.platform.engine.support.hierarchical.NodeTestTask.lambda$executeRecursively$9(NodeTestTask.java:139)\r\n\tat org.junit.platform.engine.support.hierarchical.ThrowableCollector.execute(ThrowableCollector.java:73)\r\n\tat org.junit.platform.engine.support.hierarchical.NodeTestTask.executeRecursively(NodeTestTask.java:138)\r\n\tat org.junit.platform.engine.support.hierarchical.NodeTestTask.execute(NodeTestTask.java:95)\r\n\tat java.base/java.util.ArrayList.forEach(ArrayList.java:1596)\r\n\tat org.junit.platform.engine.support.hierarchical.SameThreadHierarchicalTestExecutorService.invokeAll(SameThreadHierarchicalTestExecutorService.java:41)\r\n\tat org.junit.platform.engine.support.hierarchical.NodeTestTask.lambda$executeRecursively$6(NodeTestTask.java:155)\r\n\tat org.junit.platform.engine.support.hierarchical.ThrowableCollector.execute(ThrowableCollector.java:73)\r\n\tat org.junit.platform.engine.support.hierarchical.NodeTestTask.lambda$executeRecursively$8(NodeTestTask.java:141)\r\n\tat org.junit.platform.engine.support.hierarchical.Node.around(Node.java:137)\r\n\tat org.junit.platform.engine.support.hierarchical.NodeTestTask.lambda$executeRecursively$9(NodeTestTask.java:139)\r\n\tat org.junit.platform.engine.support.hierarchical.ThrowableCollector.execute(ThrowableCollector.java:73)\r\n\tat org.junit.platform.engine.support.hierarchical.NodeTestTask.executeRecursively(NodeTestTask.java:138)\r\n\tat org.junit.platform.engine.support.hierarchical.NodeTestTask.execute(NodeTestTask.java:95)\r\n\tat java.base/java.util.ArrayList.forEach(ArrayList.java:1596)\r\n\tat org.junit.platform.engine.support.hierarchical.SameThreadHierarchicalTestExecutorService.invokeAll(SameThreadHierarchicalTestExecutorService.java:41)\r\n\tat org.junit.platform.engine.support.hierarchical.NodeTestTask.lambda$executeRecursively$6(NodeTestTask.java:155)\r\n\tat org.junit.platform.engine.support.hierarchical.ThrowableCollector.execute(ThrowableCollector.java:73)\r\n\tat org.junit.platform.engine.support.hierarchical.NodeTestTask.lambda$executeRecursively$8(NodeTestTask.java:141)\r\n\tat org.junit.platform.engine.support.hierarchical.Node.around(Node.java:137)\r\n\tat org.junit.platform.engine.support.hierarchical.NodeTestTask.lambda$executeRecursively$9(NodeTestTask.java:139)\r\n\tat org.junit.platform.engine.support.hierarchical.ThrowableCollector.execute(ThrowableCollector.java:73)\r\n\tat org.junit.platform.engine.support.hierarchical.NodeTestTask.executeRecursively(NodeTestTask.java:138)\r\n\tat org.junit.platform.engine.support.hierarchical.NodeTestTask.execute(NodeTestTask.java:95)\r\n\tat org.junit.platform.engine.support.hierarchical.SameThreadHierarchicalTestExecutorService.submit(SameThreadHierarchicalTestExecutorService.java:35)\r\n\tat org.junit.platform.engine.support.hierarchical.HierarchicalTestExecutor.execute(HierarchicalTestExecutor.java:57)\r\n\tat org.junit.platform.engine.support.hierarchical.HierarchicalTestEngine.execute(HierarchicalTestEngine.java:54)\r\n\tat org.junit.platform.launcher.core.EngineExecutionOrchestrator.execute(EngineExecutionOrchestrator.java:198)\r\n\tat org.junit.platform.launcher.core.EngineExecutionOrchestrator.execute(EngineExecutionOrchestrator.java:169)\r\n\tat org.junit.platform.launcher.core.EngineExecutionOrchestrator.execute(EngineExecutionOrchestrator.java:93)\r\n\tat org.junit.platform.launcher.core.EngineExecutionOrchestrator.lambda$execute$0(EngineExecutionOrchestrator.java:58)\r\n\tat org.junit.platform.launcher.core.EngineExecutionOrchestrator.withInterceptedStreams(EngineExecutionOrchestrator.java:141)\r\n\tat org.junit.platform.launcher.core.EngineExecutionOrchestrator.execute(EngineExecutionOrchestrator.java:57)\r\n\tat org.junit.platform.launcher.core.DefaultLauncher.execute(DefaultLauncher.java:103)\r\n\tat org.junit.platform.launcher.core.DefaultLauncher.execute(DefaultLauncher.java:85)\r\n\tat org.junit.platform.launcher.core.DelegatingLauncher.execute(DelegatingLauncher.java:47)\r\n\tat org.apache.maven.surefire.junitplatform.LazyLauncher.execute(LazyLauncher.java:56)\r\n\tat org.apache.maven.surefire.junitplatform.JUnitPlatformProvider.execute(JUnitPlatformProvider.java:184)\r\n\tat org.apache.maven.surefire.junitplatform.JUnitPlatformProvider.invokeAllTests(JUnitPlatformProvider.java:148)\r\n\tat org.apache.maven.surefire.junitplatform.JUnitPlatformProvider.invoke(JUnitPlatformProvider.java:122)\r\n\tat org.apache.maven.surefire.booter.ForkedBooter.runSuitesInProcess(ForkedBooter.java:385)\r\n\tat org.apache.maven.surefire.booter.ForkedBooter.execute(ForkedBooter.java:162)\r\n\tat org.apache.maven.surefire.booter.ForkedBooter.run(ForkedBooter.java:507)\r\n\tat org.apache.maven.surefire.booter.ForkedBooter.main(ForkedBooter.java:495)\r\nCaused by: io.jsonwebtoken.io.DeserializationException: Unable to deserialize: Unexpected character ('?' (code 65533 / 0xfffd)): expected a valid value (JSON String, Number, Array, Object or token 'null', 'true' or 'false')\n at [Source: (InputStreamReader); line: 1, column: 2]\r\n\tat io.jsonwebtoken.io.AbstractDeserializer.deserialize(AbstractDeserializer.java:72)\r\n\tat io.jsonwebtoken.impl.io.JsonObjectDeserializer.apply(JsonObjectDeserializer.java:52)\r\n\t... 92 common frames omitted\r\nCaused by: com.fasterxml.jackson.core.JsonParseException: Unexpected character ('?' (code 65533 / 0xfffd)): expected a valid value (JSON String, Number, Array, Object or token 'null', 'true' or 'false')\n at [Source: (InputStreamReader); line: 1, column: 2]\r\n\tat com.fasterxml.jackson.core.JsonParser._constructError(JsonParser.java:2477)\r\n\tat com.fasterxml.jackson.core.base.ParserMinimalBase._reportError(ParserMinimalBase.java:750)\r\n\tat com.fasterxml.jackson.core.base.ParserMinimalBase._reportUnexpectedChar(ParserMinimalBase.java:674)\r\n\tat com.fasterxml.jackson.core.json.ReaderBasedJsonParser._handleOddValue(ReaderBasedJsonParser.java:2085)\r\n\tat com.fasterxml.jackson.core.json.ReaderBasedJsonParser.nextToken(ReaderBasedJsonParser.java:808)\r\n\tat com.fasterxml.jackson.databind.ObjectMapper._initForReading(ObjectMapper.java:4912)\r\n\tat com.fasterxml.jackson.databind.ObjectMapper._readMapAndClose(ObjectMapper.java:4818)\r\n\tat com.fasterxml.jackson.databind.ObjectMapper.readValue(ObjectMapper.java:3785)\r\n\tat io.jsonwebtoken.jackson.io.JacksonDeserializer.doDeserialize(JacksonDeserializer.java:104)\r\n\tat io.jsonwebtoken.io.AbstractDeserializer.deserialize(AbstractDeserializer.java:66)\r\n\t... 93 common frames omitted\r\n","service":"unknown","environment":"default"}
{"@timestamp":"2025-12-24T12:35:08.939+05:30","message":"Token validation failed","logger_name":"in.winvestco.user_service.service.JwtService","thread_name":"main","level":"ERROR","level_value":40000,"stack_trace":"io.jsonwebtoken.ExpiredJwtException: JWT expired 938 milliseconds ago at 2025-12-24T07:05:08.000Z. Current time: 2025-12-24T07:05:08.938Z. Allowed clock skew: 0 milliseconds.\r\n\tat io.jsonwebtoken.impl.DefaultJwtParser.parse(DefaultJwtParser.java:682)\r\n\tat io.jsonwebtoken.impl.DefaultJwtParser.parse(DefaultJwtParser.java:362)\r\n\tat io.jsonwebtoken.impl.DefaultJwtParser.parse(DefaultJwtParser.java:94)\r\n\tat io.jsonwebtoken.impl.io.AbstractParser.parse(AbstractParser.java:36)\r\n\tat io.jsonwebtoken.impl.io.AbstractParser.parse(AbstractParser.java:29)\r\n\tat io.jsonwebtoken.impl.DefaultJwtParser.parseSignedClaims(DefaultJwtParser.java:821)\r\n\tat in.winvestco.user_service.service.JwtService.extractAllClaims(JwtService.java:123)\r\n\tat in.winvestco.user_service.service.JwtService.extractClaim(JwtService.java:112)\r\n\tat in.winvestco.user_service.service.JwtService.extractExpiration(JwtService.java:105)\r\n\tat in.winvestco.user_service.service.JwtService.isTokenExpired(JwtService.java:131)\r\n\tat in.winvestco.user_service.service.JwtService.validateToken(JwtService.java:147)\r\n\tat in.winvestco.user_service.service.JwtServiceTest$TokenValidationTests.validateToken_WithExpiredToken_ShouldReturnFalse(JwtServiceTest.java:200)\r\n\tat java.base/jdk.internal.reflect.DirectMethodHandleAccessor.invoke(DirectMethodHandleAccessor.java:103)\r\n\tat java.base/java.lang.reflect.Method.invoke(Method.java:580)\r\n\tat org.junit.platform.commons.util.ReflectionUtils.invokeMethod(ReflectionUtils.java:728)\r\n\tat org.junit.jupiter.engine.execution.MethodInvocation.proceed(MethodInvocation.java:60)\r\n\tat org.junit.jupiter.engine.execution.InvocationInterceptorChain$ValidatingInvocation.proceed(InvocationInterceptorChain.java:131)\r\n\tat org.junit.jupiter.engine.extension.TimeoutExtension.intercept(TimeoutExtension.java:156)\r\n\tat org.junit.jupiter.engine.extension.TimeoutExtension.interceptTestableMethod(TimeoutExtension.java:147)\r\n\tat org.junit.jupiter.engine.extension.TimeoutExtension.interceptTestMethod(TimeoutExtension.java:86)\r\n\tat org.junit.jupiter.engine.execution.InterceptingExecutableInvoker$ReflectiveInterceptorCall.lambda$ofVoidMethod$0(InterceptingExecutableInvoker.java:103)\r\n\tat org.junit.jupiter.engine.execution.InterceptingExecutableInvoker.lambda$invoke$0(InterceptingExecutableInvoker.java:93)\r\n\tat org.junit.jupiter.engine.execution.InvocationInterceptorChain$InterceptedInvocation.proceed(InvocationInterceptorChain.java:106)\r\n\tat org.junit.jupiter.engine.execution.InvocationInterceptorChain.proceed(InvocationInterceptorChain.java:64)\r\n\tat org.junit.jupiter.engine.execution.InvocationInterceptorChain.chainAndInvoke(InvocationInterceptorChain.java:45)\r\n\tat org.junit.jupiter.engine.execution.InvocationInterceptorChain.invoke(InvocationInterceptorChain.java:37)\r\n\tat org.junit.jupiter.engine.execution.InterceptingExecutableInvoker.invoke(InterceptingExecutableInvoker.java:92)\r\n\tat org.junit.jupiter.engine.execution.InterceptingExecutableInvoker.invoke(InterceptingExecutableInvoker.java:86)\r\n\tat org.junit.jupiter.engine.descriptor.TestMethodTestDescriptor.lambda$invokeTestMethod$7(TestMethodTestDescriptor.java:218)\r\n\tat org.junit.platform.engine.support.hierarchical.ThrowableCollector.execute(ThrowableCollector.java:73)\r\n\tat org.junit.jupiter.engine.descriptor.TestMethodTestDescriptor.invokeTestMethod(TestMethodTestDescriptor.java:214)\r\n\tat org.junit.jupiter.engine.descriptor.TestMethodTestDescriptor.execute(TestMethodTestDescriptor.java:139)\r\n\tat org.junit.jupiter.engine.descriptor.TestMethodTestDescriptor.execute(TestMethodTestDescriptor.java:69)\r\n\tat org.junit.platform.engine.support.hierarchical.NodeTestTask.lambda$executeRecursively$6(NodeTestTask.java:151)\r\n\tat org.junit.platform.engine.support.hierarchical.ThrowableCollector.execute(ThrowableCollector.java:73)\r\n\tat org.junit.platform.engine.support.hierarchical.NodeTestTask.lambda$executeRecursively$8(NodeTestTask.java:141)\r\n\tat org.junit.platform.engine.support.hierarchical.Node.around(Node.java:137)\r\n\tat org.junit.platform.engine.support.hierarchical.NodeTestTask.lambda$executeRecursively$9(NodeTestTask.java:139)\r\n\tat org.junit.platform.engine.support.hierarchical.ThrowableCollector.execute(ThrowableCollector.java:73)\r\n\tat org.junit.platform.engine.support.hierarchical.NodeTestTask.executeRecursively(NodeTestTask.java:138)\r\n\tat org.junit.platform.engine.support.hierarchical.NodeTestTask.execute(NodeTestTask.java:95)\r\n\tat java.base/java.util.ArrayList.forEach(ArrayList.java:1596)\r\n\tat org.junit.platform.engine.support.hierarchical.SameThreadHierarchicalTestExecutorService.invokeAll(SameThreadHierarchicalTestExecutorService.java:41)\r\n\tat org.junit.platform.engine.support.hierarchical.NodeTestTask.lambda$executeRecursively$6(NodeTestTask.java:155)\r\n\tat org.junit.platform.engine.support.hierarchical.ThrowableCollector.execute(ThrowableCollector.java:73)\r\n\tat org.junit.platform.engine.support.hierarchical.NodeTestTask.lambda$executeRecursively$8(NodeTestTask.java:141)\r\n\tat org.junit.platform.engine.support.hierarchical.Node.around(Node.java:137)\r\n\tat org.junit.platform.engine.support.hierarchical.NodeTestTask.lambda$executeRecursively$9(NodeTestTask.java:139)\r\n\tat org.junit.platform.engine.support.hierarchical.ThrowableCollector.execute(ThrowableCollector.java:73)\r\n\tat org.junit.platform.engine.support.hierarchical.NodeTestTask.executeRecursively(NodeTestTask.java:138)\r\n\tat org.junit.platform.engine.support.hierarchical.NodeTestTask.execute(NodeTestTask.java:95)\r\n\tat java.base/java.util.ArrayList.forEach(ArrayList.java:1596)\r\n\tat org.junit.platform.engine.support.hierarchical.SameThreadHierarchicalTestExecutorService.invokeAll(SameThreadHierarchicalTestExecutorService.java:41)\r\n\tat org.junit.platform.engine.support.hierarchical.NodeTestTask.lambda$executeRecursively$6(NodeTestTask.java:155)\r\n\tat org.junit.platform.engine.support.hierarchical.ThrowableCollector.execute(ThrowableCollector.java:73)\r\n\tat org.junit.platform.engine.support.hierarchical.NodeTestTask.lambda$executeRecursively$8(NodeTestTask.java:141)\r\n\tat org.junit.platform.engine.support.hierarchical.Node.around(Node.java:137)\r\n\tat org.junit.platform.engine.support.hierarchical.NodeTestTask.lambda$executeRecursively$9(NodeTestTask.java:139)\r\n\tat org.junit.platform.engine.support.hierarchical.ThrowableCollector.execute(ThrowableCollector.java:73)\r\n\tat org.junit.platform.engine.support.hierarchical.NodeTestTask.executeRecursively(NodeTestTask.java:138)\r\n\tat org.junit.platform.engine.support.hierarchical.NodeTestTask.execute(NodeTestTask.java:95)\r\n\tat java.base/java.util.ArrayList.forEach(ArrayList.java:1596)\r\n\tat org.junit.platform.engine.support.hierarchical.SameThreadHierarchicalTestExecutorService.invokeAll(SameThreadHierarchicalTestExecutorService.java:41)\r\n\tat org.junit.platform.engine.support.hierarchical.NodeTestTask.lambda$executeRecursively$6(NodeTestTask.java:155)\r\n\tat org.junit.platform.engine.support.hierarchical.ThrowableCollector.execute(ThrowableCollector.java:73)\r\n\tat org.junit.platform.engine.support.hierarchical.NodeTestTask.lambda$executeRecursively$8(NodeTestTask.java:141)\r\n\tat org.junit.platform.engine.support.hierarchical.Node.around(Node.java:137)\r\n\tat org.junit.platform.engine.support.hierarchical.NodeTestTask.lambda$executeRecursively$9(NodeTestTask.java:139)\r\n\tat org.junit.platform.engine.support.hierarchical.ThrowableCollector.execute(ThrowableCollector.java:73)\r\n\tat org.junit.platform.engine.support.hierarchical.NodeTestTask.executeRecursively(NodeTestTask.java:138)\r\n\tat org.junit.platform.engine.support.hierarchical.NodeTestTask.execute(NodeTestTask.java:95)\r\n\tat org.junit.platform.engine.support.hierarchical.SameThreadHierarchicalTestExecutorService.submit(SameThreadHierarchicalTestExecutorService.java:35)\r\n\tat org.junit.platform.engine.support.hierarchical.HierarchicalTestExecutor.execute(HierarchicalTestExecutor.java:57)\r\n\tat org.junit.platform.engine.support.hierarchical.HierarchicalTestEngine.execute(HierarchicalTestEngine.java:54)\r\n\tat org.junit.platform.launcher.core.EngineExecutionOrchestrator.execute(EngineExecutionOrchestrator.java:198)\r\n\tat org.junit.platform.launcher.core.EngineExecutionOrchestrator.execute(EngineExecutionOrchestrator.java:169)\r\n\tat org.junit.platform.launcher.core.EngineExecutionOrchestrator.execute(EngineExecutionOrchestrator.java:93)\r\n\tat org.junit.platform.launcher.core.EngineExecutionOrchestrator.lambda$execute$0(EngineExecutionOrchestrator.java:58)\r\n\tat org.junit.platform.launcher.core.EngineExecutionOrchestrator.withInterceptedStreams(EngineExecutionOrchestrator.java:141)\r\n\tat org.junit.platform.launcher.core.EngineExecutionOrchestrator.execute(EngineExecutionOrchestrator.java:57)\r\n\tat org.junit.platform.launcher.core.DefaultLauncher.execute(DefaultLauncher.java:103)\r\n\tat org.junit.platform.launcher.core.DefaultLauncher.execute(DefaultLauncher.java:85)\r\n\tat org.junit.platform.launcher.core.DelegatingLauncher.execute(DelegatingLauncher.java:47)\r\n\tat org.apache.maven.surefire.junitplatform.LazyLauncher.execute(LazyLauncher.java:56)\r\n\tat org.apache.maven.surefire.junitplatform.JUnitPlatformProvider.execute(JUnitPlatformProvider.java:184)\r\n\tat org.apache.maven.surefire.junitplatform.JUnitPlatformProvider.invokeAllTests(JUnitPlatformProvider.java:148)\r\n\tat org.apache.maven.surefire.junitplatform.JUnitPlatformProvider.invoke(JUnitPlatformProvider.java:122)\r\n\tat org.apache.maven.surefire.booter.ForkedBooter.runSuitesInProcess(ForkedBooter.java:385)\r\n\tat org.apache.maven.surefire.booter.ForkedBooter.execute(ForkedBooter.java:162)\r\n\tat org.apache.maven.surefire.booter.ForkedBooter.run(ForkedBooter.java:507)\r\n\tat org.apache.maven.surefire.booter.ForkedBooter.main(ForkedBooter.java:495)\r\n","service":"unknown","environment":"default"}
[INFO] Tests run: 6, Failures: 0, Errors: 0, Skipped: 0, Time elapsed: 0.166 s -- in in.winvestco.user_service.service.JwtServiceTest$TokenValidationTests
[INFO] Running in.winvestco.user_service.service.JwtServiceTest$TokenExtractionTests
[INFO] Tests run: 5, Failures: 0, Errors: 0, Skipped: 0, Time elapsed: 0.017 s -- in in.winvestco.user_service.service.JwtServiceTest$TokenExtractionTests
[INFO] Running in.winvestco.user_service.service.JwtServiceTest$TokenGenerationTests
[INFO] Tests run: 4, Failures: 0, Errors: 0, Skipped: 0, Time elapsed: 0.012 s -- in in.winvestco.user_service.service.JwtServiceTest$TokenGenerationTests
[INFO] Tests run: 0, Failures: 0, Errors: 0, Skipped: 0, Time elapsed: 0.196 s -- in in.winvestco.user_service.service.JwtServiceTest
[INFO] Running in.winvestco.user_service.service.UserEventPublisherTest
[INFO] Running in.winvestco.user_service.service.UserEventPublisherTest$PublishUserLoginTests
[INFO] Tests run: 2, Failures: 0, Errors: 0, Skipped: 0, Time elapsed: 0.150 s -- in in.winvestco.user_service.service.UserEventPublisherTest$PublishUserLoginTests
[INFO] Running in.winvestco.user_service.service.UserEventPublisherTest$PublishUserPasswordChangedTests
[INFO] Tests run: 2, Failures: 0, Errors: 0, Skipped: 0, Time elapsed: 0.007 s -- in in.winvestco.user_service.service.UserEventPublisherTest$PublishUserPasswordChangedTests
[INFO] Running in.winvestco.user_service.service.UserEventPublisherTest$PublishUserRoleChangedTests
[INFO] Tests run: 2, Failures: 0, Errors: 0, Skipped: 0, Time elapsed: 0.007 s -- in in.winvestco.user_service.service.UserEventPublisherTest$PublishUserRoleChangedTests
[INFO] Running in.winvestco.user_service.service.UserEventPublisherTest$PublishUserStatusChangedTests
[INFO] Tests run: 2, Failures: 0, Errors: 0, Skipped: 0, Time elapsed: 0.007 s -- in in.winvestco.user_service.service.UserEventPublisherTest$PublishUserStatusChangedTests
[INFO] Running in.winvestco.user_service.service.UserEventPublisherTest$PublishUserUpdatedTests
[INFO] Tests run: 2, Failures: 0, Errors: 0, Skipped: 0, Time elapsed: 0.005 s -- in in.winvestco.user_service.service.UserEventPublisherTest$PublishUserUpdatedTests
[INFO] Running in.winvestco.user_service.service.UserEventPublisherTest$PublishUserCreatedTests
[INFO] Tests run: 2, Failures: 0, Errors: 0, Skipped: 0, Time elapsed: 0.008 s -- in in.winvestco.user_service.service.UserEventPublisherTest$PublishUserCreatedTests
[INFO] Tests run: 0, Failures: 0, Errors: 0, Skipped: 0, Time elapsed: 0.189 s -- in in.winvestco.user_service.service.UserEventPublisherTest
[INFO] Running in.winvestco.user_service.service.UserServiceTest
[INFO] Running in.winvestco.user_service.service.UserServiceTest$LoginAndContextOperationsTests
[INFO] Tests run: 2, Failures: 0, Errors: 0, Skipped: 0, Time elapsed: 0.101 s -- in in.winvestco.user_service.service.UserServiceTest$LoginAndContextOperationsTests
[INFO] Running in.winvestco.user_service.service.UserServiceTest$DeleteOperationsTests
[INFO] Tests run: 2, Failures: 0, Errors: 0, Skipped: 0, Time elapsed: 0.005 s -- in in.winvestco.user_service.service.UserServiceTest$DeleteOperationsTests
[INFO] Running in.winvestco.user_service.service.UserServiceTest$PasswordOperationsTests
[INFO] Tests run: 2, Failures: 0, Errors: 0, Skipped: 0, Time elapsed: 0.007 s -- in in.winvestco.user_service.service.UserServiceTest$PasswordOperationsTests
[INFO] Running in.winvestco.user_service.service.UserServiceTest$UpdateOperationsTests
[INFO] Tests run: 5, Failures: 0, Errors: 0, Skipped: 0, Time elapsed: 0.018 s -- in in.winvestco.user_service.service.UserServiceTest$UpdateOperationsTests
[INFO] Running in.winvestco.user_service.service.UserServiceTest$RegisterOperationsTests
[INFO] Tests run: 2, Failures: 0, Errors: 0, Skipped: 0, Time elapsed: 0.008 s -- in in.winvestco.user_service.service.UserServiceTest$RegisterOperationsTests
[INFO] Running in.winvestco.user_service.service.UserServiceTest$FindOperationsTests
[INFO] Tests run: 8, Failures: 0, Errors: 0, Skipped: 0, Time elapsed: 0.024 s -- in in.winvestco.user_service.service.UserServiceTest$FindOperationsTests
[INFO] Tests run: 0, Failures: 0, Errors: 0, Skipped: 0, Time elapsed: 0.170 s -- in in.winvestco.user_service.service.UserServiceTest
[INFO] 
[INFO] Results:
[INFO] 
[ERROR] Failures: 
[ERROR]   UserDetailsServiceImplTest$LoadUserByUsernameFailureTests.loadUserByUsername_WhenEmailNull_ShouldThrowException:124 
Expecting actual throwable to be an instance of:
  org.springframework.security.core.userdetails.UsernameNotFoundException
but was:
  java.lang.NullPointerException
	at java.base/java.util.Objects.requireNonNull(Objects.java:233)
	at java.base/java.util.ImmutableCollections$MapN.<init>(ImmutableCollections.java:1193)
	at java.base/java.util.Map.of(Map.java:1407)
	...(86 remaining lines not displayed - this can be changed with Assertions.setMaxStackTraceElementsDisplayed)
[ERROR] Errors: 
[ERROR]   AuthControllerTest$LoginTests.login_WithValidCredentials_ShouldReturnToken:93  Unresolved compilation problem: 
	The method thenReturn(Collection<capture#1-of ? extends GrantedAuthority>) in the type OngoingStubbing<Collection<capture#1-of ? extends GrantedAuthority>> is not applicable for the arguments (List<SimpleGrantedAuthority>)

[ERROR]   UserRepositoryTest.existsByEmail_WhenEmailExists_ShouldReturnTrue:79 ╗ ConstraintViolation Validation failed for classes [in.winvestco.user_service.model.User] during persist time for groups [jakarta.validation.groups.Default, ]
List of constraint violations:[
	ConstraintViolationImpl{interpolatedMessage='size must be between 60 and 100', propertyPath=passwordHash, rootBeanClass=class in.winvestco.user_service.model.User, messageTemplate='{jakarta.validation.constraints.Size.message}'}
]
[ERROR]   UserRepositoryTest.findAllByRolesContaining_ShouldReturnUsersWithMatchingRole:142 ╗ ConstraintViolation Validation failed for classes [in.winvestco.user_service.model.User] during persist time for groups [jakarta.validation.groups.Default, ]
List of constraint violations:[
	ConstraintViolationImpl{interpolatedMessage='size must be between 60 and 100', propertyPath=passwordHash, rootBeanClass=class in.winvestco.user_service.model.User, messageTemplate='{jakarta.validation.constraints.Size.message}'}
]
[ERROR]   UserRepositoryTest.findAllByRolesContaining_Viewer_ShouldReturnMatchingUsers:176 ╗ ConstraintViolation Validation failed for classes [in.winvestco.user_service.model.User] during persist time for groups [jakarta.validation.groups.Default, ]
List of constraint violations:[
	ConstraintViolationImpl{interpolatedMessage='size must be between 60 and 100', propertyPath=passwordHash, rootBeanClass=class in.winvestco.user_service.model.User, messageTemplate='{jakarta.validation.constraints.Size.message}'}
]
[ERROR]   UserRepositoryTest.findAllByStatus_ShouldReturnUsersWithMatchingStatus:119 ╗ ConstraintViolation Validation failed for classes [in.winvestco.user_service.model.User] during persist time for groups [jakarta.validation.groups.Default, ]
List of constraint violations:[
	ConstraintViolationImpl{interpolatedMessage='size must be between 60 and 100', propertyPath=passwordHash, rootBeanClass=class in.winvestco.user_service.model.User, messageTemplate='{jakarta.validation.constraints.Size.message}'}
]
[ERROR]   UserRepositoryTest.findByEmail_WhenUserExists_ShouldReturnUser:60 ╗ ConstraintViolation Validation failed for classes [in.winvestco.user_service.model.User] during persist time for groups [jakarta.validation.groups.Default, ]
List of constraint violations:[
	ConstraintViolationImpl{interpolatedMessage='size must be between 60 and 100', propertyPath=passwordHash, rootBeanClass=class in.winvestco.user_service.model.User, messageTemplate='{jakarta.validation.constraints.Size.message}'}
]
[ERROR]   UserRepositoryTest.findByFirstName_ShouldReturnMatchingUsers:154 ╗ ConstraintViolation Validation failed for classes [in.winvestco.user_service.model.User] during persist time for groups [jakarta.validation.groups.Default, ]
List of constraint violations:[
	ConstraintViolationImpl{interpolatedMessage='size must be between 60 and 100', propertyPath=passwordHash, rootBeanClass=class in.winvestco.user_service.model.User, messageTemplate='{jakarta.validation.constraints.Size.message}'}
]
[INFO] 
[ERROR] Tests run: 176, Failures: 1, Errors: 7, Skipped: 0
[INFO] 
[INFO] ------------------------------------------------------------------------
[INFO] BUILD FAILURE
[INFO] ------------------------------------------------------------------------
[INFO] Total time:  9.729 s
[INFO] Finished at: 2025-12-24T12:35:09+05:30
[INFO] ------------------------------------------------------------------------
[ERROR] Failed to execute goal org.apache.maven.plugins:maven-surefire-plugin:3.1.2:test (default-test) on project user-service: There are test failures.
[ERROR] 
[ERROR] Please refer to D:\winvestco-trading-platform\backend\user-service\target\surefire-reports for the individual test results.
[ERROR] Please refer to dump files (if any exist) [date].dump, [date]-jvmRun[N].dump and [date].dumpstream.
[ERROR] -> [Help 1]
[ERROR] 
[ERROR] To see the full stack trace of the errors, re-run Maven with the -e switch.
[ERROR] Re-run Maven using the -X switch to enable full debug logging.
[ERROR] 
[ERROR] For more information about the errors and possible solutions, please read the following articles:
[ERROR] [Help 1] http://cwiki.apache.org/confluence/display/MAVEN/MojoFailureException
